 * Serving Flask app "init" (lazy loading)
 * Environment: production
   WARNING: This is a development server. Do not use it in a production deployment.
   Use a production WSGI server instead.
 * Debug mode: on
/opt/flask_p2p_invoice_trading_platform/venv/lib/python3.6/site-packages/flask_sqlalchemy/__init__.py:814: UserWarning: Neither SQLALCHEMY_DATABASE_URI nor SQLALCHEMY_BINDS is set. Defaulting SQLALCHEMY_DATABASE_URI to "sqlite:///:memory:".
  'Neither SQLALCHEMY_DATABASE_URI nor SQLALCHEMY_BINDS is set. '
/opt/flask_p2p_invoice_trading_platform/venv/lib/python3.6/site-packages/flask_sqlalchemy/__init__.py:835: FSADeprecationWarning: SQLALCHEMY_TRACK_MODIFICATIONS adds significant overhead and will be disabled by default in the future.  Set it to True or False to suppress this warning.
  'SQLALCHEMY_TRACK_MODIFICATIONS adds significant overhead and '
 * Running on http://0.0.0.0:8080/ (Press CTRL+C to quit)
 * Restarting with stat
/opt/flask_p2p_invoice_trading_platform/venv/lib/python3.6/site-packages/flask_sqlalchemy/__init__.py:814: UserWarning: Neither SQLALCHEMY_DATABASE_URI nor SQLALCHEMY_BINDS is set. Defaulting SQLALCHEMY_DATABASE_URI to "sqlite:///:memory:".
  'Neither SQLALCHEMY_DATABASE_URI nor SQLALCHEMY_BINDS is set. '
/opt/flask_p2p_invoice_trading_platform/venv/lib/python3.6/site-packages/flask_sqlalchemy/__init__.py:835: FSADeprecationWarning: SQLALCHEMY_TRACK_MODIFICATIONS adds significant overhead and will be disabled by default in the future.  Set it to True or False to suppress this warning.
  'SQLALCHEMY_TRACK_MODIFICATIONS adds significant overhead and '
 * Debugger is active!
 * Debugger PIN: 334-067-614
 * Detected change in '/opt/flask_p2p_invoice_trading_platform/qupital/forms.py', reloading
 * Restarting with stat
/opt/flask_p2p_invoice_trading_platform/venv/lib/python3.6/site-packages/flask_sqlalchemy/__init__.py:814: UserWarning: Neither SQLALCHEMY_DATABASE_URI nor SQLALCHEMY_BINDS is set. Defaulting SQLALCHEMY_DATABASE_URI to "sqlite:///:memory:".
  'Neither SQLALCHEMY_DATABASE_URI nor SQLALCHEMY_BINDS is set. '
/opt/flask_p2p_invoice_trading_platform/venv/lib/python3.6/site-packages/flask_sqlalchemy/__init__.py:835: FSADeprecationWarning: SQLALCHEMY_TRACK_MODIFICATIONS adds significant overhead and will be disabled by default in the future.  Set it to True or False to suppress this warning.
  'SQLALCHEMY_TRACK_MODIFICATIONS adds significant overhead and '
/opt/flask_p2p_invoice_trading_platform/qupital/init.py:45: FlaskWTFDeprecationWarning: "flask_wtf.CsrfProtect" has been renamed to "CSRFProtect" and will be removed in 1.0.
  csrf = CsrfProtect()
 * Debugger is active!
 * Debugger PIN: 334-067-614
125.70.179.132 - - [25/May/2019 23:14:08] "GET /register/ HTTP/1.1" 404 -
125.70.179.132 - - [25/May/2019 23:14:09] "GET /register/ HTTP/1.1" 404 -
125.70.179.132 - - [25/May/2019 23:14:16] "GET / HTTP/1.1" 302 -
125.70.179.132 - - [25/May/2019 23:14:16] "GET /login/?next=%2F HTTP/1.1" 200 -
125.70.179.132 - - [25/May/2019 23:14:26] "POST /login/ HTTP/1.1" 200 -
125.70.179.132 - - [25/May/2019 23:14:56] "POST /login/ HTTP/1.1" 200 -
125.70.179.132 - - [25/May/2019 23:15:03] "POST /login/ HTTP/1.1" 200 -
61.151.178.163 - - [25/May/2019 23:15:10] "GET /register HTTP/1.1" 404 -
 * Detected change in '/opt/flask_p2p_invoice_trading_platform/qupital/main.py', reloading
 * Restarting with stat
/opt/flask_p2p_invoice_trading_platform/venv/lib/python3.6/site-packages/flask_sqlalchemy/__init__.py:814: UserWarning: Neither SQLALCHEMY_DATABASE_URI nor SQLALCHEMY_BINDS is set. Defaulting SQLALCHEMY_DATABASE_URI to "sqlite:///:memory:".
  'Neither SQLALCHEMY_DATABASE_URI nor SQLALCHEMY_BINDS is set. '
/opt/flask_p2p_invoice_trading_platform/venv/lib/python3.6/site-packages/flask_sqlalchemy/__init__.py:835: FSADeprecationWarning: SQLALCHEMY_TRACK_MODIFICATIONS adds significant overhead and will be disabled by default in the future.  Set it to True or False to suppress this warning.
  'SQLALCHEMY_TRACK_MODIFICATIONS adds significant overhead and '
/opt/flask_p2p_invoice_trading_platform/qupital/init.py:45: FlaskWTFDeprecationWarning: "flask_wtf.CsrfProtect" has been renamed to "CSRFProtect" and will be removed in 1.0.
  csrf = CsrfProtect()
 * Debugger is active!
 * Debugger PIN: 334-067-614
125.70.179.132 - - [25/May/2019 23:16:08] "GET /login/ HTTP/1.1" 200 -
125.70.179.132 - - [25/May/2019 23:16:18] "POST /login/ HTTP/1.1" 200 -
125.70.179.132 - - [25/May/2019 23:16:24] "POST /login/ HTTP/1.1" 200 -
125.70.179.132 - - [25/May/2019 23:16:28] "POST /login/ HTTP/1.1" 200 -
 * Detected change in '/opt/flask_p2p_invoice_trading_platform/qupital/main.py', reloading
用户名或密码失败
用户名或密码失败
用户名或密码失败
 * Restarting with stat
/opt/flask_p2p_invoice_trading_platform/venv/lib/python3.6/site-packages/flask_sqlalchemy/__init__.py:814: UserWarning: Neither SQLALCHEMY_DATABASE_URI nor SQLALCHEMY_BINDS is set. Defaulting SQLALCHEMY_DATABASE_URI to "sqlite:///:memory:".
  'Neither SQLALCHEMY_DATABASE_URI nor SQLALCHEMY_BINDS is set. '
/opt/flask_p2p_invoice_trading_platform/venv/lib/python3.6/site-packages/flask_sqlalchemy/__init__.py:835: FSADeprecationWarning: SQLALCHEMY_TRACK_MODIFICATIONS adds significant overhead and will be disabled by default in the future.  Set it to True or False to suppress this warning.
  'SQLALCHEMY_TRACK_MODIFICATIONS adds significant overhead and '
/opt/flask_p2p_invoice_trading_platform/qupital/init.py:45: FlaskWTFDeprecationWarning: "flask_wtf.CsrfProtect" has been renamed to "CSRFProtect" and will be removed in 1.0.
  csrf = CsrfProtect()
 * Debugger is active!
 * Debugger PIN: 334-067-614
125.70.179.132 - - [25/May/2019 23:17:58] "POST /login/ HTTP/1.1" 200 -
125.70.179.132 - - [25/May/2019 23:18:05] "POST /login/ HTTP/1.1" 200 -
125.70.179.132 - - [25/May/2019 23:18:10] "POST /login/ HTTP/1.1" 200 -
 * Detected change in '/opt/flask_p2p_invoice_trading_platform/qupital/main.py', reloading
用户名或密码失败
用户名或密码失败
用户名或密码失败
 * Restarting with stat
/opt/flask_p2p_invoice_trading_platform/venv/lib/python3.6/site-packages/flask_sqlalchemy/__init__.py:814: UserWarning: Neither SQLALCHEMY_DATABASE_URI nor SQLALCHEMY_BINDS is set. Defaulting SQLALCHEMY_DATABASE_URI to "sqlite:///:memory:".
  'Neither SQLALCHEMY_DATABASE_URI nor SQLALCHEMY_BINDS is set. '
/opt/flask_p2p_invoice_trading_platform/venv/lib/python3.6/site-packages/flask_sqlalchemy/__init__.py:835: FSADeprecationWarning: SQLALCHEMY_TRACK_MODIFICATIONS adds significant overhead and will be disabled by default in the future.  Set it to True or False to suppress this warning.
  'SQLALCHEMY_TRACK_MODIFICATIONS adds significant overhead and '
/opt/flask_p2p_invoice_trading_platform/qupital/init.py:45: FlaskWTFDeprecationWarning: "flask_wtf.CsrfProtect" has been renamed to "CSRFProtect" and will be removed in 1.0.
  csrf = CsrfProtect()
 * Debugger is active!
 * Debugger PIN: 334-067-614
125.70.179.132 - - [25/May/2019 23:19:40] "POST /login/ HTTP/1.1" 200 -
125.70.179.132 - - [25/May/2019 23:19:52] "POST /login/ HTTP/1.1" 200 -
125.70.179.132 - - [25/May/2019 23:20:01] "POST /login/ HTTP/1.1" 200 -
 * Detected change in '/opt/flask_p2p_invoice_trading_platform/qupital/main.py', reloading
查找到的用户为：None
用户名或密码失败
查找到的用户为：None
用户名或密码失败
查找到的用户为：None
用户名或密码失败
 * Restarting with stat
/opt/flask_p2p_invoice_trading_platform/venv/lib/python3.6/site-packages/flask_sqlalchemy/__init__.py:814: UserWarning: Neither SQLALCHEMY_DATABASE_URI nor SQLALCHEMY_BINDS is set. Defaulting SQLALCHEMY_DATABASE_URI to "sqlite:///:memory:".
  'Neither SQLALCHEMY_DATABASE_URI nor SQLALCHEMY_BINDS is set. '
/opt/flask_p2p_invoice_trading_platform/venv/lib/python3.6/site-packages/flask_sqlalchemy/__init__.py:835: FSADeprecationWarning: SQLALCHEMY_TRACK_MODIFICATIONS adds significant overhead and will be disabled by default in the future.  Set it to True or False to suppress this warning.
  'SQLALCHEMY_TRACK_MODIFICATIONS adds significant overhead and '
/opt/flask_p2p_invoice_trading_platform/qupital/init.py:45: FlaskWTFDeprecationWarning: "flask_wtf.CsrfProtect" has been renamed to "CSRFProtect" and will be removed in 1.0.
  csrf = CsrfProtect()
 * Debugger is active!
 * Debugger PIN: 334-067-614
125.70.179.132 - - [25/May/2019 23:21:45] "POST /login/ HTTP/1.1" 200 -
125.70.179.132 - - [25/May/2019 23:21:48] "POST /login/ HTTP/1.1" 200 -
125.70.179.132 - - [25/May/2019 23:21:57] "POST /login/ HTTP/1.1" 200 -
125.70.179.132 - - [25/May/2019 23:22:03] "POST /login/ HTTP/1.1" 200 -
125.70.179.132 - - [25/May/2019 23:22:06] "POST /login/ HTTP/1.1" 200 -
 * Detected change in '/opt/flask_p2p_invoice_trading_platform/qupital/main.py', reloading
用户名：ChainSmart
密码：123456
查找到的用户为：None
用户名或密码失败
用户名：ChainSmart
密码：123456
查找到的用户为：None
用户名或密码失败
用户名：ChainSmart
密码：123456
查找到的用户为：None
用户名或密码失败
用户名：ChainSmart
密码：1
查找到的用户为：None
用户名或密码失败
用户名：ChainSmart
密码：1
查找到的用户为：None
用户名或密码失败
 * Restarting with stat
/opt/flask_p2p_invoice_trading_platform/venv/lib/python3.6/site-packages/flask_sqlalchemy/__init__.py:814: UserWarning: Neither SQLALCHEMY_DATABASE_URI nor SQLALCHEMY_BINDS is set. Defaulting SQLALCHEMY_DATABASE_URI to "sqlite:///:memory:".
  'Neither SQLALCHEMY_DATABASE_URI nor SQLALCHEMY_BINDS is set. '
/opt/flask_p2p_invoice_trading_platform/venv/lib/python3.6/site-packages/flask_sqlalchemy/__init__.py:835: FSADeprecationWarning: SQLALCHEMY_TRACK_MODIFICATIONS adds significant overhead and will be disabled by default in the future.  Set it to True or False to suppress this warning.
  'SQLALCHEMY_TRACK_MODIFICATIONS adds significant overhead and '
/opt/flask_p2p_invoice_trading_platform/qupital/init.py:45: FlaskWTFDeprecationWarning: "flask_wtf.CsrfProtect" has been renamed to "CSRFProtect" and will be removed in 1.0.
  csrf = CsrfProtect()
 * Debugger is active!
 * Debugger PIN: 334-067-614
101.91.60.109 - - [25/May/2019 23:22:58] "GET /login HTTP/1.1" 308 -
101.91.60.109 - - [25/May/2019 23:22:58] "GET /login/ HTTP/1.1" 200 -
61.129.7.235 - - [25/May/2019 23:23:02] "GET /login/ HTTP/1.1" 200 -
125.70.179.132 - - [25/May/2019 23:23:04] "POST /login/ HTTP/1.1" 200 -
125.70.179.132 - - [25/May/2019 23:23:07] "POST /login/ HTTP/1.1" 200 -
125.70.179.132 - - [25/May/2019 23:23:56] "POST /login/ HTTP/1.1" 200 -
125.70.179.132 - - [25/May/2019 23:24:01] "POST /login/ HTTP/1.1" 200 -
125.70.179.132 - - [25/May/2019 23:24:03] "GET /login/ HTTP/1.1" 200 -
125.70.179.132 - - [25/May/2019 23:24:14] "POST /login/ HTTP/1.1" 200 -
103.73.183.143 - - [25/May/2019 23:25:06] "GET / HTTP/1.1" 302 -
 * Detected change in '/opt/flask_p2p_invoice_trading_platform/qupital/main.py', reloading
用户名：None
密码：None
用户名：None
密码：None
用户名：ChainSmart
密码：123456
查找到的用户为：None
用户名或密码失败
用户名：ChainSmart
密码：1
查找到的用户为：None
用户名或密码失败
用户名：ChainSmart
密码：1
查找到的用户为：None
用户名或密码失败
用户名：ChainSmart
密码：1
查找到的用户为：None
用户名或密码失败
用户名：None
密码：None
用户名：ChainSmart
密码：123456
查找到的用户为：None
用户名或密码失败
 * Restarting with stat
/opt/flask_p2p_invoice_trading_platform/venv/lib/python3.6/site-packages/flask_sqlalchemy/__init__.py:814: UserWarning: Neither SQLALCHEMY_DATABASE_URI nor SQLALCHEMY_BINDS is set. Defaulting SQLALCHEMY_DATABASE_URI to "sqlite:///:memory:".
  'Neither SQLALCHEMY_DATABASE_URI nor SQLALCHEMY_BINDS is set. '
/opt/flask_p2p_invoice_trading_platform/venv/lib/python3.6/site-packages/flask_sqlalchemy/__init__.py:835: FSADeprecationWarning: SQLALCHEMY_TRACK_MODIFICATIONS adds significant overhead and will be disabled by default in the future.  Set it to True or False to suppress this warning.
  'SQLALCHEMY_TRACK_MODIFICATIONS adds significant overhead and '
/opt/flask_p2p_invoice_trading_platform/qupital/init.py:45: FlaskWTFDeprecationWarning: "flask_wtf.CsrfProtect" has been renamed to "CSRFProtect" and will be removed in 1.0.
  csrf = CsrfProtect()
 * Debugger is active!
 * Debugger PIN: 334-067-614
125.70.179.132 - - [25/May/2019 23:26:58] "POST /login/ HTTP/1.1" 500 -
Traceback (most recent call last):
  File "/opt/flask_p2p_invoice_trading_platform/venv/lib/python3.6/site-packages/flask/app.py", line 2328, in __call__
    return self.wsgi_app(environ, start_response)
  File "/opt/flask_p2p_invoice_trading_platform/venv/lib/python3.6/site-packages/flask/app.py", line 2314, in wsgi_app
    response = self.handle_exception(e)
  File "/opt/flask_p2p_invoice_trading_platform/venv/lib/python3.6/site-packages/flask/app.py", line 1760, in handle_exception
    reraise(exc_type, exc_value, tb)
  File "/opt/flask_p2p_invoice_trading_platform/venv/lib/python3.6/site-packages/flask/_compat.py", line 36, in reraise
    raise value
  File "/opt/flask_p2p_invoice_trading_platform/venv/lib/python3.6/site-packages/flask/app.py", line 2311, in wsgi_app
    response = self.full_dispatch_request()
  File "/opt/flask_p2p_invoice_trading_platform/venv/lib/python3.6/site-packages/flask/app.py", line 1834, in full_dispatch_request
    rv = self.handle_user_exception(e)
  File "/opt/flask_p2p_invoice_trading_platform/venv/lib/python3.6/site-packages/flask/app.py", line 1737, in handle_user_exception
    reraise(exc_type, exc_value, tb)
  File "/opt/flask_p2p_invoice_trading_platform/venv/lib/python3.6/site-packages/flask/_compat.py", line 36, in reraise
    raise value
  File "/opt/flask_p2p_invoice_trading_platform/venv/lib/python3.6/site-packages/flask/app.py", line 1832, in full_dispatch_request
    rv = self.dispatch_request()
  File "/opt/flask_p2p_invoice_trading_platform/venv/lib/python3.6/site-packages/flask/app.py", line 1818, in dispatch_request
    return self.view_functions[rule.endpoint](**req.view_args)
  File "/opt/flask_p2p_invoice_trading_platform/qupital/main.py", line 58, in login
    if user and User.validate_login(user['password_hash'], form.password.data):
KeyError: 'password_hash'
125.70.179.132 - - [25/May/2019 23:26:58] "GET /login/?__debugger__=yes&cmd=resource&f=style.css HTTP/1.1" 200 -
125.70.179.132 - - [25/May/2019 23:26:58] "GET /login/?__debugger__=yes&cmd=resource&f=debugger.js HTTP/1.1" 200 -
125.70.179.132 - - [25/May/2019 23:26:58] "GET /login/?__debugger__=yes&cmd=resource&f=jquery.js HTTP/1.1" 200 -
125.70.179.132 - - [25/May/2019 23:26:58] "GET /login/?__debugger__=yes&cmd=resource&f=ubuntu.ttf HTTP/1.1" 200 -
125.70.179.132 - - [25/May/2019 23:26:58] "GET /login/?__debugger__=yes&cmd=resource&f=console.png HTTP/1.1" 200 -
 * Detected change in '/opt/flask_p2p_invoice_trading_platform/qupital/models.py', reloading
用户名：ChainSmart
密码：123456
查找到的用户为：{'_id': ObjectId('5ce95eaadc71f14a604e8707'), 'email': 'wmltyq@qq.com', 'username': 'ChainSmart', 'password': 'pbkdf2:sha256:150000$UClHBJK7$175d2b62768fbfd53b45453e35005a302a566075c6b5c604b271c3d0c7d98198'}
 * Restarting with stat
/opt/flask_p2p_invoice_trading_platform/venv/lib/python3.6/site-packages/flask_sqlalchemy/__init__.py:814: UserWarning: Neither SQLALCHEMY_DATABASE_URI nor SQLALCHEMY_BINDS is set. Defaulting SQLALCHEMY_DATABASE_URI to "sqlite:///:memory:".
  'Neither SQLALCHEMY_DATABASE_URI nor SQLALCHEMY_BINDS is set. '
/opt/flask_p2p_invoice_trading_platform/venv/lib/python3.6/site-packages/flask_sqlalchemy/__init__.py:835: FSADeprecationWarning: SQLALCHEMY_TRACK_MODIFICATIONS adds significant overhead and will be disabled by default in the future.  Set it to True or False to suppress this warning.
  'SQLALCHEMY_TRACK_MODIFICATIONS adds significant overhead and '
/opt/flask_p2p_invoice_trading_platform/qupital/init.py:45: FlaskWTFDeprecationWarning: "flask_wtf.CsrfProtect" has been renamed to "CSRFProtect" and will be removed in 1.0.
  csrf = CsrfProtect()
 * Debugger is active!
 * Debugger PIN: 334-067-614
125.70.179.132 - - [25/May/2019 23:28:31] "GET /login/ HTTP/1.1" 200 -
125.70.179.132 - - [25/May/2019 23:28:40] "POST /login/ HTTP/1.1" 500 -
Traceback (most recent call last):
  File "/opt/flask_p2p_invoice_trading_platform/venv/lib/python3.6/site-packages/flask/app.py", line 2328, in __call__
    return self.wsgi_app(environ, start_response)
  File "/opt/flask_p2p_invoice_trading_platform/venv/lib/python3.6/site-packages/flask/app.py", line 2314, in wsgi_app
    response = self.handle_exception(e)
  File "/opt/flask_p2p_invoice_trading_platform/venv/lib/python3.6/site-packages/flask/app.py", line 1760, in handle_exception
    reraise(exc_type, exc_value, tb)
  File "/opt/flask_p2p_invoice_trading_platform/venv/lib/python3.6/site-packages/flask/_compat.py", line 36, in reraise
    raise value
  File "/opt/flask_p2p_invoice_trading_platform/venv/lib/python3.6/site-packages/flask/app.py", line 2311, in wsgi_app
    response = self.full_dispatch_request()
  File "/opt/flask_p2p_invoice_trading_platform/venv/lib/python3.6/site-packages/flask/app.py", line 1834, in full_dispatch_request
    rv = self.handle_user_exception(e)
  File "/opt/flask_p2p_invoice_trading_platform/venv/lib/python3.6/site-packages/flask/app.py", line 1737, in handle_user_exception
    reraise(exc_type, exc_value, tb)
  File "/opt/flask_p2p_invoice_trading_platform/venv/lib/python3.6/site-packages/flask/_compat.py", line 36, in reraise
    raise value
  File "/opt/flask_p2p_invoice_trading_platform/venv/lib/python3.6/site-packages/flask/app.py", line 1832, in full_dispatch_request
    rv = self.dispatch_request()
  File "/opt/flask_p2p_invoice_trading_platform/venv/lib/python3.6/site-packages/flask/app.py", line 1818, in dispatch_request
    return self.view_functions[rule.endpoint](**req.view_args)
  File "/opt/flask_p2p_invoice_trading_platform/qupital/main.py", line 59, in login
    user_obj = User(user['username'])
TypeError: __init__() missing 2 required positional arguments: 'username' and 'password'
125.70.179.132 - - [25/May/2019 23:28:40] "GET /login/?__debugger__=yes&cmd=resource&f=style.css HTTP/1.1" 200 -
125.70.179.132 - - [25/May/2019 23:28:40] "GET /login/?__debugger__=yes&cmd=resource&f=jquery.js HTTP/1.1" 200 -
125.70.179.132 - - [25/May/2019 23:28:40] "GET /login/?__debugger__=yes&cmd=resource&f=debugger.js HTTP/1.1" 200 -
125.70.179.132 - - [25/May/2019 23:28:40] "GET /login/?__debugger__=yes&cmd=resource&f=ubuntu.ttf HTTP/1.1" 200 -
125.70.179.132 - - [25/May/2019 23:28:40] "GET /login/?__debugger__=yes&cmd=resource&f=console.png HTTP/1.1" 200 -
 * Detected change in '/opt/flask_p2p_invoice_trading_platform/qupital/main.py', reloading
用户名：None
密码：None
用户名：ChainSmart
密码：123456
查找到的用户为：{'_id': ObjectId('5ce95f182bdc71606019397e'), 'email': 'wmltyq@qq.com', 'username': 'ChainSmart', 'password_hash': 'pbkdf2:sha256:150000$qAlyJKXz$e82ebe79334a78a3bb7e846cdfecf942dad7037f1ebcb98c7a77dfa7430f7227'}
 * Restarting with stat
/opt/flask_p2p_invoice_trading_platform/venv/lib/python3.6/site-packages/flask_sqlalchemy/__init__.py:814: UserWarning: Neither SQLALCHEMY_DATABASE_URI nor SQLALCHEMY_BINDS is set. Defaulting SQLALCHEMY_DATABASE_URI to "sqlite:///:memory:".
  'Neither SQLALCHEMY_DATABASE_URI nor SQLALCHEMY_BINDS is set. '
/opt/flask_p2p_invoice_trading_platform/venv/lib/python3.6/site-packages/flask_sqlalchemy/__init__.py:835: FSADeprecationWarning: SQLALCHEMY_TRACK_MODIFICATIONS adds significant overhead and will be disabled by default in the future.  Set it to True or False to suppress this warning.
  'SQLALCHEMY_TRACK_MODIFICATIONS adds significant overhead and '
/opt/flask_p2p_invoice_trading_platform/qupital/init.py:45: FlaskWTFDeprecationWarning: "flask_wtf.CsrfProtect" has been renamed to "CSRFProtect" and will be removed in 1.0.
  csrf = CsrfProtect()
 * Debugger is active!
 * Debugger PIN: 334-067-614
125.70.179.132 - - [25/May/2019 23:30:30] "POST /login/ HTTP/1.1" 302 -
用户名：ChainSmart
密码：123456
查找到的用户为：{'_id': ObjectId('5ce95f182bdc71606019397e'), 'email': 'wmltyq@qq.com', 'username': 'ChainSmart', 'password_hash': 'pbkdf2:sha256:150000$qAlyJKXz$e82ebe79334a78a3bb7e846cdfecf942dad7037f1ebcb98c7a77dfa7430f7227'}
登录成功
返回用户对象
[{'_id': ObjectId('5ce79c291ba1185fa147efc1'), 'auction_no': 'AU12889699', 'credit_insurance': 1, 'obligor_notification': 1, 'obligor_name': 'Como Diffusion Inc.', 'remaining_time': 'Auction closed', 'currency': 'USD', 'invoice_amount': 109500, 'no_of_days': 69, 'obligor_qupital_rating': 6, 'suggested_basis_point': 1200, 'seller_no': 'SL16030234', 'seller_qupital_rating': 'B', 'ss_average_late_day': 3, 'expected_payment_date': datetime.datetime(2019, 4, 22, 0, 0), 'buy_now_annualized_yield': 1080, 'ss_successful_auction': 14, 'ss_remitted_auction': 12, 'ss_outstanding_auction': 2, 'ss_auction_total_invoice_amount_in_usd': 1912602.44, 'ss_auction_total_advance_amount_in_usd': 1529400, 'ss_auction_total_invoice_amount_in_hkd': 0, 'ss_auction_total_advance_amount_in_hkd': 0, 'sos_successful_auction': 14, 'sos_remitted_auction': 12, 'sos_outstanding_auction': 2, 'sos_auction_total_invoice_amount_in_usd': 1912602.44, 'sos_auction_total_advance_amount_in_usd': 1529400, 'sos_auction_total_invoice_amount_in_hkd': 0, 'sos_auction_total_advance_amount_in_hkd': 0, 'sos_average_late_day': 3, 'net_total_to_be_received': 61378, 'net_return': 10.48, 'advanced_date': datetime.datetime(2019, 2, 12, 0, 0), 'remitted_date': datetime.datetime(2019, 5, 3, 0, 0), 'late_day': 11, 'status': 'Remitted'}, {'_id': ObjectId('5ce79c351ba1185fa147efc2'), 'auction_no': 'AU12889762', 'credit_insurance': 0, 'obligor_notification': 0, 'obligor_name': 'Amazon USA', 'remaining_time': 'Auction closed', 'currency': 'USD', 'invoice_amount': 148900, 'no_of_days': 29, 'obligor_qupital_rating': 1, 'suggested_basis_point': 1000, 'seller_no': 'SL16030328', 'seller_qupital_rating': 'C', 'ss_average_late_day': 3, 'expected_payment_date': datetime.datetime(2019, 3, 21, 0, 0), 'buy_now_annualized_yield': 1100, 'ss_successful_auction': 7, 'ss_remitted_auction': 7, 'ss_outstanding_auction': 0, 'ss_auction_total_invoice_amount_in_usd': 1723541.12, 'ss_auction_total_advance_amount_in_usd': 712400, 'ss_auction_total_invoice_amount_in_hkd': 0, 'ss_auction_total_advance_amount_in_hkd': 0, 'sos_successful_auction': 7, 'sos_remitted_auction': 7, 'sos_outstanding_auction': 0, 'sos_auction_total_invoice_amount_in_usd': 1723541.12, 'sos_auction_total_advance_amount_in_usd': 712400, 'sos_auction_total_invoice_amount_in_hkd': 0, 'sos_auction_total_advance_amount_in_hkd': 0, 'sos_average_late_day': 3, 'net_total_to_be_received': 150070, 'net_return': 9.89, 'advanced_date': datetime.datetime(2019, 2, 21, 0, 0), 'remitted_date': datetime.datetime(2019, 3, 22, 0, 0), 'late_day': 1, 'status': 'Remitted'}, {'_id': ObjectId('5ce79c421ba1185fa147efc3'), 'auction_no': 'AU12889761', 'credit_insurance': 0, 'obligor_notification': 0, 'obligor_name': 'Amazon USA', 'remaining_time': 'Auction closed', 'currency': 'USD', 'invoice_amount': 49700, 'no_of_days': 15, 'obligor_qupital_rating': 1, 'suggested_basis_point': 1000, 'seller_no': 'SL16030328', 'seller_qupital_rating': 'C', 'ss_average_late_day': 3, 'expected_payment_date': datetime.datetime(2019, 3, 7, 0, 0), 'buy_now_annualized_yield': 1100, 'ss_successful_auction': 7, 'ss_remitted_auction': 7, 'ss_outstanding_auction': 0, 'ss_auction_total_invoice_amount_in_usd': 1723541.12, 'ss_auction_total_advance_amount_in_usd': 712400, 'ss_auction_total_invoice_amount_in_hkd': 0, 'ss_auction_total_advance_amount_in_hkd': 0, 'sos_successful_auction': 7, 'sos_remitted_auction': 7, 'sos_outstanding_auction': 0, 'sos_auction_total_invoice_amount_in_usd': 1723541.12, 'sos_auction_total_advance_amount_in_usd': 712400, 'sos_auction_total_invoice_amount_in_hkd': 0, 'sos_auction_total_advance_amount_in_hkd': 0, 'sos_average_late_day': 3, 'net_total_to_be_received': 49888, 'net_return': 9.86, 'advanced_date': datetime.datetime(2019, 2, 21, 0, 0), 'remitted_date': datetime.datetime(2019, 3, 7, 0, 0), 'late_day': 0, 'status': 'Remitted'}, {'_id': ObjectId('5ce79c4e1ba1185fa147efc4'), 'auction_no': 'AU12889779', 'credit_insurance': 0, 'obligor_notification': 1, 'obligor_name': 'HQG, Limited', 'remaining_time': 'Auction closed', 'currency': 'USD', 'invoice_amount': 104500, 'no_of_days': 31, 'obligor_qupital_rating': 1, 'suggested_basis_point': 1100, 'seller_no': 'SL16030223', 'seller_qupital_rating': 'B', 'ss_average_late_day': 5, 'expected_payment_date': datetime.datetime(2019, 3, 29, 0, 0), 'buy_now_annualized_yield': 990, 'ss_successful_auction': 89, 'ss_remitted_auction': 89, 'ss_outstanding_auction': 0, 'ss_auction_total_invoice_amount_in_usd': 6789624.51, 'ss_auction_total_advance_amount_in_usd': 4173300, 'ss_auction_total_invoice_amount_in_hkd': 0, 'ss_auction_total_advance_amount_in_hkd': 0, 'sos_successful_auction': 88, 'sos_remitted_auction': 88, 'sos_outstanding_auction': 0, 'sos_auction_total_invoice_amount_in_usd': 6269624.51, 'sos_auction_total_advance_amount_in_usd': 3757300, 'sos_auction_total_invoice_amount_in_hkd': 0, 'sos_auction_total_advance_amount_in_hkd': 0, 'sos_average_late_day': 5, 'net_total_to_be_received': 105349, 'net_return': 9.88, 'advanced_date': datetime.datetime(2019, 2, 26, 0, 0), 'remitted_date': datetime.datetime(2019, 3, 28, 0, 0), 'late_day': 0, 'status': 'Remitted'}, {'_id': ObjectId('5ce79c5b1ba1185fa147efc5'), 'auction_no': 'AU12889821', 'credit_insurance': 1, 'obligor_notification': 1, 'obligor_name': 'Star Rich International Trading Limited', 'remaining_time': 'Auction closed', 'currency': 'USD', 'invoice_amount': 72600, 'no_of_days': 12, 'obligor_qupital_rating': 6, 'suggested_basis_point': 1350, 'seller_no': 'SL16030183', 'seller_qupital_rating': 'C', 'ss_average_late_day': 3, 'expected_payment_date': datetime.datetime(2019, 3, 11, 0, 0), 'buy_now_annualized_yield': 1500, 'ss_successful_auction': 60, 'ss_remitted_auction': 58, 'ss_outstanding_auction': 2, 'ss_auction_total_invoice_amount_in_usd': 6222031.6, 'ss_auction_total_advance_amount_in_usd': 4361600, 'ss_auction_total_invoice_amount_in_hkd': 2574100, 'ss_auction_total_advance_amount_in_hkd': 2059000, 'sos_successful_auction': 52, 'sos_remitted_auction': 50, 'sos_outstanding_auction': 2, 'sos_auction_total_invoice_amount_in_usd': 6129076.6, 'sos_auction_total_advance_amount_in_usd': 4287300, 'sos_auction_total_invoice_amount_in_hkd': 0, 'sos_auction_total_advance_amount_in_hkd': 0, 'sos_average_late_day': 0, 'net_total_to_be_received': 72922, 'net_return': 13.49, 'advanced_date': datetime.datetime(2019, 2, 27, 0, 0), 'remitted_date': datetime.datetime(2019, 3, 11, 0, 0), 'late_day': 0, 'status': 'Remitted'}, {'_id': ObjectId('5ce79c671ba1185fa147efc6'), 'auction_no': 'AU12889830', 'credit_insurance': 0, 'obligor_notification': 0, 'obligor_name': 'Amazon EU', 'remaining_time': 'Auction closed', 'currency': 'USD', 'invoice_amount': 61900, 'no_of_days': 28, 'obligor_qupital_rating': 1, 'suggested_basis_point': 1100, 'seller_no': 'SL16030408', 'seller_qupital_rating': 'C', 'ss_average_late_day': 0, 'expected_payment_date': datetime.datetime(2019, 3, 28, 0, 0), 'buy_now_annualized_yield': 1100, 'ss_successful_auction': 3, 'ss_remitted_auction': 3, 'ss_outstanding_auction': 0, 'ss_auction_total_invoice_amount_in_usd': 563979.75, 'ss_auction_total_advance_amount_in_usd': 197200, 'ss_auction_total_invoice_amount_in_hkd': 0, 'ss_auction_total_advance_amount_in_hkd': 0, 'sos_successful_auction': 3, 'sos_remitted_auction': 3, 'sos_outstanding_auction': 0, 'sos_auction_total_invoice_amount_in_usd': 563979.75, 'sos_auction_total_advance_amount_in_usd': 197200, 'sos_auction_total_invoice_amount_in_hkd': 0, 'sos_auction_total_advance_amount_in_hkd': 0, 'sos_average_late_day': 0, 'net_total_to_be_received': 32133, 'net_return': 9.87, 'advanced_date': datetime.datetime(2019, 2, 28, 0, 0), 'remitted_date': datetime.datetime(2019, 3, 27, 0, 0), 'late_day': 0, 'status': 'Remitted'}, {'_id': ObjectId('5ce79c731ba1185fa147efc7'), 'auction_no': 'AU12889834', 'credit_insurance': 1, 'obligor_notification': 1, 'obligor_name': 'Star Rich International Trading Limited', 'remaining_time': 'Auction closed', 'currency': 'USD', 'invoice_amount': 62400, 'no_of_days': 13, 'obligor_qupital_rating': 6, 'suggested_basis_point': 1350, 'seller_no': 'SL16030183', 'seller_qupital_rating': 'C', 'ss_average_late_day': 3, 'expected_payment_date': datetime.datetime(2019, 3, 18, 0, 0), 'buy_now_annualized_yield': 1500, 'ss_successful_auction': 60, 'ss_remitted_auction': 58, 'ss_outstanding_auction': 2, 'ss_auction_total_invoice_amount_in_usd': 6222031.6, 'ss_auction_total_advance_amount_in_usd': 4361600, 'ss_auction_total_invoice_amount_in_hkd': 2574100, 'ss_auction_total_advance_amount_in_hkd': 2059000, 'sos_successful_auction': 52, 'sos_remitted_auction': 50, 'sos_outstanding_auction': 2, 'sos_auction_total_invoice_amount_in_usd': 6129076.6, 'sos_auction_total_advance_amount_in_usd': 4287300, 'sos_auction_total_invoice_amount_in_hkd': 0, 'sos_auction_total_advance_amount_in_hkd': 0, 'sos_average_late_day': 0, 'net_total_to_be_received': 62699, 'net_return': 13.45, 'advanced_date': datetime.datetime(2019, 3, 5, 0, 0), 'remitted_date': datetime.datetime(2019, 3, 18, 0, 0), 'late_day': 0, 'status': 'Remitted'}, {'_id': ObjectId('5ce79c801ba1185fa147efc8'), 'auction_no': 'AU12889897', 'credit_insurance': 0, 'obligor_notification': 1, 'obligor_name': 'HQG, Limited', 'remaining_time': 'Auction closed', 'currency': 'USD', 'invoice_amount': 135400, 'no_of_days': 31, 'obligor_qupital_rating': 1, 'suggested_basis_point': 1100, 'seller_no': 'SL16030223', 'seller_qupital_rating': 'B', 'ss_average_late_day': 5, 'expected_payment_date': datetime.datetime(2019, 4, 11, 0, 0), 'buy_now_annualized_yield': 990, 'ss_successful_auction': 89, 'ss_remitted_auction': 89, 'ss_outstanding_auction': 0, 'ss_auction_total_invoice_amount_in_usd': 6789624.51, 'ss_auction_total_advance_amount_in_usd': 4173300, 'ss_auction_total_invoice_amount_in_hkd': 0, 'ss_auction_total_advance_amount_in_hkd': 0, 'sos_successful_auction': 88, 'sos_remitted_auction': 88, 'sos_outstanding_auction': 0, 'sos_auction_total_invoice_amount_in_usd': 6269624.51, 'sos_auction_total_advance_amount_in_usd': 3757300, 'sos_auction_total_invoice_amount_in_hkd': 0, 'sos_auction_total_advance_amount_in_hkd': 0, 'sos_average_late_day': 5, 'net_total_to_be_received': 136501, 'net_return': 9.89, 'advanced_date': datetime.datetime(2019, 3, 11, 0, 0), 'remitted_date': datetime.datetime(2019, 4, 10, 0, 0), 'late_day': 0, 'status': 'Remitted'}, {'_id': ObjectId('5ce79c8c1ba1185fa147efc9'), 'auction_no': 'AU12889917', 'credit_insurance': 1, 'obligor_notification': 1, 'obligor_name': 'Star Rich International Trading Limited', 'remaining_time': 'Auction closed', 'currency': 'USD', 'invoice_amount': 35700, 'no_of_days': 13, 'obligor_qupital_rating': 6, 'suggested_basis_point': 1350, 'seller_no': 'SL16030183', 'seller_qupital_rating': 'C', 'ss_average_late_day': 3, 'expected_payment_date': datetime.datetime(2019, 3, 25, 0, 0), 'buy_now_annualized_yield': 1500, 'ss_successful_auction': 60, 'ss_remitted_auction': 58, 'ss_outstanding_auction': 2, 'ss_auction_total_invoice_amount_in_usd': 6222031.6, 'ss_auction_total_advance_amount_in_usd': 4361600, 'ss_auction_total_invoice_amount_in_hkd': 2574100, 'ss_auction_total_advance_amount_in_hkd': 2059000, 'sos_successful_auction': 52, 'sos_remitted_auction': 50, 'sos_outstanding_auction': 2, 'sos_auction_total_invoice_amount_in_usd': 6129076.6, 'sos_auction_total_advance_amount_in_usd': 4287300, 'sos_auction_total_invoice_amount_in_hkd': 0, 'sos_auction_total_advance_amount_in_hkd': 0, 'sos_average_late_day': 0, 'net_total_to_be_received': 35871, 'net_return': 13.45, 'advanced_date': datetime.datetime(2019, 3, 12, 0, 0), 'remitted_date': datetime.datetime(2019, 3, 25, 0, 0), 'late_day': 0, 'status': 'Remitted'}, {'_id': ObjectId('5ce79c991ba1185fa147efca'), 'auction_no': 'AU12889933', 'credit_insurance': 1, 'obligor_notification': 1, 'obligor_name': 'SHANGHAI SUNG IL TEX CO. LTD', 'remaining_time': 'Auction closed', 'currency': 'USD', 'invoice_amount': 74400, 'no_of_days': 74, 'obligor_qupital_rating': 5, 'suggested_basis_point': 1300, 'seller_no': 'SL16030207', 'seller_qupital_rating': 'C', 'ss_average_late_day': 0, 'expected_payment_date': datetime.datetime(2019, 5, 31, 0, 0), 'buy_now_annualized_yield': 1170, 'ss_successful_auction': 8, 'ss_remitted_auction': 8, 'ss_outstanding_auction': 0, 'ss_auction_total_invoice_amount_in_usd': 468162.42, 'ss_auction_total_advance_amount_in_usd': 374200, 'ss_auction_total_invoice_amount_in_hkd': 0, 'ss_auction_total_advance_amount_in_hkd': 0, 'sos_successful_auction': 5, 'sos_remitted_auction': 5, 'sos_outstanding_auction': 0, 'sos_auction_total_invoice_amount_in_usd': 406520.57, 'sos_auction_total_advance_amount_in_usd': 325000, 'sos_auction_total_invoice_amount_in_hkd': 0, 'sos_auction_total_advance_amount_in_hkd': 0, 'sos_average_late_day': 0, 'net_total_to_be_received': 68847, 'net_return': 11.7, 'advanced_date': datetime.datetime(2019, 3, 18, 0, 0), 'remitted_date': datetime.datetime(2019, 5, 24, 0, 0), 'late_day': 0, 'status': 'Remitted'}, {'_id': ObjectId('5ce79ca51ba1185fa147efcb'), 'auction_no': 'AU12889947', 'credit_insurance': 0, 'obligor_notification': 1, 'obligor_name': '上海赫程國際旅行社有限公司', 'remaining_time': 'Auction closed', 'currency': 'USD', 'invoice_amount': 200000, 'no_of_days': 40, 'obligor_qupital_rating': 1, 'suggested_basis_point': 1150, 'seller_no': 'SL16030429', 'seller_qupital_rating': 'C', 'ss_average_late_day': 0, 'expected_payment_date': datetime.datetime(2019, 4, 28, 0, 0), 'buy_now_annualized_yield': 1080, 'ss_successful_auction': 4, 'ss_remitted_auction': 3, 'ss_outstanding_auction': 1, 'ss_auction_total_invoice_amount_in_usd': 2500000, 'ss_auction_total_advance_amount_in_usd': 1250000, 'ss_auction_total_invoice_amount_in_hkd': 0, 'ss_auction_total_advance_amount_in_hkd': 0, 'sos_successful_auction': 4, 'sos_remitted_auction': 3, 'sos_outstanding_auction': 1, 'sos_auction_total_invoice_amount_in_usd': 2500000, 'sos_auction_total_advance_amount_in_usd': 1250000, 'sos_auction_total_invoice_amount_in_hkd': 0, 'sos_auction_total_advance_amount_in_hkd': 0, 'sos_average_late_day': 0, 'net_total_to_be_received': 50044, 'net_return': 10.71, 'advanced_date': datetime.datetime(2019, 3, 19, 0, 0), 'remitted_date': datetime.datetime(2019, 3, 22, 0, 0), 'late_day': 0, 'status': 'Remitted'}]125.70.179.132 - - [25/May/2019 23:30:30] "GET / HTTP/1.1" 200 -
125.70.179.132 - - [25/May/2019 23:30:54] "GET / HTTP/1.1" 302 -
125.70.179.132 - - [25/May/2019 23:30:54] "GET /login/?next=%2F HTTP/1.1" 200 -
125.70.179.132 - - [25/May/2019 23:31:03] "POST /login/ HTTP/1.1" 302 -

用户名：None
密码：None
用户名：ChainSmart
密码：123456
查找到的用户为：{'_id': ObjectId('5ce95f182bdc71606019397e'), 'email': 'wmltyq@qq.com', 'username': 'ChainSmart', 'password_hash': 'pbkdf2:sha256:150000$qAlyJKXz$e82ebe79334a78a3bb7e846cdfecf942dad7037f1ebcb98c7a77dfa7430f7227'}
登录成功
返回用户对象
[{'_id': ObjectId('5ce79c291ba1185fa147efc1'), 'auction_no': 'AU12889699', 'credit_insurance': 1, 'obligor_notification': 1, 'obligor_name': 'Como Diffusion Inc.', 'remaining_time': 'Auction closed', 'currency': 'USD', 'invoice_amount': 109500, 'no_of_days': 69, 'obligor_qupital_rating': 6, 'suggested_basis_point': 1200, 'seller_no': 'SL16030234', 'seller_qupital_rating': 'B', 'ss_average_late_day': 3, 'expected_payment_date': datetime.datetime(2019, 4, 22, 0, 0), 'buy_now_annualized_yield': 1080, 'ss_successful_auction': 14, 'ss_remitted_auction': 12, 'ss_outstanding_auction': 2, 'ss_auction_total_invoice_amount_in_usd': 1912602.44, 'ss_auction_total_advance_amount_in_usd': 1529400, 'ss_auction_total_invoice_amount_in_hkd': 0, 'ss_auction_total_advance_amount_in_hkd': 0, 'sos_successful_auction': 14, 'sos_remitted_auction': 12, 'sos_outstanding_auction': 2, 'sos_auction_total_invoice_amount_in_usd': 1912602.44, 'sos_auction_total_advance_amount_in_usd': 1529400, 'sos_auction_total_invoice_amount_in_hkd': 0, 'sos_auction_total_advance_amount_in_hkd': 0, 'sos_average_late_day': 3, 'net_total_to_be_received': 61378, 'net_return': 10.48, 'advanced_date': datetime.datetime(2019, 2, 12, 0, 0), 'remitted_date': datetime.datetime(2019, 5, 3, 0, 0), 'late_day': 11, 'status': 'Remitted'}, {'_id': ObjectId('5ce79c351ba1185fa147efc2'), 'auction_no': 'AU12889762', 'credit_insurance': 0, 'obligor_notification': 0, 'obligor_name': 'Amazon USA', 'remaining_time': 'Auction closed', 'currency': 'USD', 'invoice_amount': 148900, 'no_of_days': 29, 'obligor_qupital_rating': 1, 'suggested_basis_point': 1000, 'seller_no': 'SL16030328', 'seller_qupital_rating': 'C', 'ss_average_late_day': 3, 'expected_payment_date': datetime.datetime(2019, 3, 21, 0, 0), 'buy_now_annualized_yield': 1100, 'ss_successful_auction': 7, 'ss_remitted_auction': 7, 'ss_outstanding_auction': 0, 'ss_auction_total_invoice_amount_in_usd': 1723541.12, 'ss_auction_total_advance_amount_in_usd': 712400, 'ss_auction_total_invoice_amount_in_hkd': 0, 'ss_auction_total_advance_amount_in_hkd': 0, 'sos_successful_auction': 7, 'sos_remitted_auction': 7, 'sos_outstanding_auction': 0, 'sos_auction_total_invoice_amount_in_usd': 1723541.12, 'sos_auction_total_advance_amount_in_usd': 712400, 'sos_auction_total_invoice_amount_in_hkd': 0, 'sos_auction_total_advance_amount_in_hkd': 0, 'sos_average_late_day': 3, 'net_total_to_be_received': 150070, 'net_return': 9.89, 'advanced_date': datetime.datetime(2019, 2, 21, 0, 0), 'remitted_date': datetime.datetime(2019, 3, 22, 0, 0), 'late_day': 1, 'status': 'Remitted'}, {'_id': ObjectId('5ce79c421ba1185fa147efc3'), 'auction_no': 'AU12889761', 'credit_insurance': 0, 'obligor_notification': 0, 'obligor_name': 'Amazon USA', 'remaining_time': 'Auction closed', 'currency': 'USD', 'invoice_amount': 49700, 'no_of_days': 15, 'obligor_qupital_rating': 1, 'suggested_basis_point': 1000, 'seller_no': 'SL16030328', 'seller_qupital_rating': 'C', 'ss_average_late_day': 3, 'expected_payment_date': datetime.datetime(2019, 3, 7, 0, 0), 'buy_now_annualized_yield': 1100, 'ss_successful_auction': 7, 'ss_remitted_auction': 7, 'ss_outstanding_auction': 0, 'ss_auction_total_invoice_amount_in_usd': 1723541.12, 'ss_auction_total_advance_amount_in_usd': 712400, 'ss_auction_total_invoice_amount_in_hkd': 0, 'ss_auction_total_advance_amount_in_hkd': 0, 'sos_successful_auction': 7, 'sos_remitted_auction': 7, 'sos_outstanding_auction': 0, 'sos_auction_total_invoice_amount_in_usd': 1723541.12, 'sos_auction_total_advance_amount_in_usd': 712400, 'sos_auction_total_invoice_amount_in_hkd': 0, 'sos_auction_total_advance_amount_in_hkd': 0, 'sos_average_late_day': 3, 'net_total_to_be_received': 49888, 'net_return': 9.86, 'advanced_date': datetime.datetime(2019, 2, 21, 0, 0), 'remitted_date': datetime.datetime(2019, 3, 7, 0, 0), 'late_day': 0, 'status': 'Remitted'}, {'_id': ObjectId('5ce79c4e1ba1185fa147efc4'), 'auction_no': 'AU12889779', 'credit_insurance': 0, 'obligor_notification': 1, 'obligor_name': 'HQG, Limited', 'remaining_time': 'Auction closed', 'currency': 'USD', 'invoice_amount': 104500, 'no_of_days': 31, 'obligor_qupital_rating': 1, 'suggested_basis_point': 1100, 'seller_no': 'SL16030223', 'seller_qupital_rating': 'B', 'ss_average_late_day': 5, 'expected_payment_date': datetime.datetime(2019, 3, 29, 0, 0), 'buy_now_annualized_yield': 990, 'ss_successful_auction': 89, 'ss_remitted_auction': 89, 'ss_outstanding_auction': 0, 'ss_auction_total_invoice_amount_in_usd': 6789624.51, 'ss_auction_total_advance_amount_in_usd': 4173300, 'ss_auction_total_invoice_amount_in_hkd': 0, 'ss_auction_total_advance_amount_in_hkd': 0, 'sos_successful_auction': 88, 'sos_remitted_auction': 88, 'sos_outstanding_auction': 0, 'sos_auction_total_invoice_amount_in_usd': 6269624.51, 'sos_auction_total_advance_amount_in_usd': 3757300, 'sos_auction_total_invoice_amount_in_hkd': 0, 'sos_auction_total_advance_amount_in_hkd': 0, 'sos_average_late_day': 5, 'net_total_to_be_received': 105349, 'net_return': 9.88, 'advanced_date': datetime.datetime(2019, 2, 26, 0, 0), 'remitted_date': datetime.datetime(2019, 3, 28, 0, 0), 'late_day': 0, 'status': 'Remitted'}, {'_id': ObjectId('5ce79c5b1ba1185fa147efc5'), 'auction_no': 'AU12889821', 'credit_insurance': 1, 'obligor_notification': 1, 'obligor_name': 'Star Rich International Trading Limited', 'remaining_time': 'Auction closed', 'currency': 'USD', 'invoice_amount': 72600, 'no_of_days': 12, 'obligor_qupital_rating': 6, 'suggested_basis_point': 1350, 'seller_no': 'SL16030183', 'seller_qupital_rating': 'C', 'ss_average_late_day': 3, 'expected_payment_date': datetime.datetime(2019, 3, 11, 0, 0), 'buy_now_annualized_yield': 1500, 'ss_successful_auction': 60, 'ss_remitted_auction': 58, 'ss_outstanding_auction': 2, 'ss_auction_total_invoice_amount_in_usd': 6222031.6, 'ss_auction_total_advance_amount_in_usd': 4361600, 'ss_auction_total_invoice_amount_in_hkd': 2574100, 'ss_auction_total_advance_amount_in_hkd': 2059000, 'sos_successful_auction': 52, 'sos_remitted_auction': 50, 'sos_outstanding_auction': 2, 'sos_auction_total_invoice_amount_in_usd': 6129076.6, 'sos_auction_total_advance_amount_in_usd': 4287300, 'sos_auction_total_invoice_amount_in_hkd': 0, 'sos_auction_total_advance_amount_in_hkd': 0, 'sos_average_late_day': 0, 'net_total_to_be_received': 72922, 'net_return': 13.49, 'advanced_date': datetime.datetime(2019, 2, 27, 0, 0), 'remitted_date': datetime.datetime(2019, 3, 11, 0, 0), 'late_day': 0, 'status': 'Remitted'}, {'_id': ObjectId('5ce79c671ba1185fa147efc6'), 'auction_no': 'AU12889830', 'credit_insurance': 0, 'obligor_notification': 0, 'obligor_name': 'Amazon EU', 'remaining_time': 'Auction closed', 'currency': 'USD', 'invoice_amount': 61900, 'no_of_days': 28, 'obligor_qupital_rating': 1, 'suggested_basis_point': 1100, 'seller_no': 'SL16030408', 'seller_qupital_rating': 'C', 'ss_average_late_day': 0, 'expected_payment_date': datetime.datetime(2019, 3, 28, 0, 0), 'buy_now_annualized_yield': 1100, 'ss_successful_auction': 3, 'ss_remitted_auction': 3, 'ss_outstanding_auction': 0, 'ss_auction_total_invoice_amount_in_usd': 563979.75, 'ss_auction_total_advance_amount_in_usd': 197200, 'ss_auction_total_invoice_amount_in_hkd': 0, 'ss_auction_total_advance_amount_in_hkd': 0, 'sos_successful_auction': 3, 'sos_remitted_auction': 3, 'sos_outstanding_auction': 0, 'sos_auction_total_invoice_amount_in_usd': 563979.75, 'sos_auction_total_advance_amount_in_usd': 197200, 'sos_auction_total_invoice_amount_in_hkd': 0, 'sos_auction_total_advance_amount_in_hkd': 0, 'sos_average_late_day': 0, 'net_total_to_be_received': 32133, 'net_return': 9.87, 'advanced_date': datetime.datetime(2019, 2, 28, 0, 0), 'remitted_date': datetime.datetime(2019, 3, 27, 0, 0), 'late_day': 0, 'status': 'Remitted'}, {'_id': ObjectId('5ce79c731ba1185fa147efc7'), 'auction_no': 'AU12889834', 'credit_insurance': 1, 'obligor_notification': 1, 'obligor_name': 'Star Rich International Trading Limited', 'remaining_time': 'Auction closed', 'currency': 'USD', 'invoice_amount': 62400, 'no_of_days': 13, 'obligor_qupital_rating': 6, 'suggested_basis_point': 1350, 'seller_no': 'SL16030183', 'seller_qupital_rating': 'C', 'ss_average_late_day': 3, 'expected_payment_date': datetime.datetime(2019, 3, 18, 0, 0), 'buy_now_annualized_yield': 1500, 'ss_successful_auction': 60, 'ss_remitted_auction': 58, 'ss_outstanding_auction': 2, 'ss_auction_total_invoice_amount_in_usd': 6222031.6, 'ss_auction_total_advance_amount_in_usd': 4361600, 'ss_auction_total_invoice_amount_in_hkd': 2574100, 'ss_auction_total_advance_amount_in_hkd': 2059000, 'sos_successful_auction': 52, 'sos_remitted_auction': 50, 'sos_outstanding_auction': 2, 'sos_auction_total_invoice_amount_in_usd': 6129076.6, 'sos_auction_total_advance_amount_in_usd': 4287300, 'sos_auction_total_invoice_amount_in_hkd': 0, 'sos_auction_total_advance_amount_in_hkd': 0, 'sos_average_late_day': 0, 'net_total_to_be_received': 62699, 'net_return': 13.45, 'advanced_date': datetime.datetime(2019, 3, 5, 0, 0), 'remitted_date': datetime.datetime(2019, 3, 18, 0, 0), 'late_day': 0, 'status': 'Remitted'}, {'_id': ObjectId('5ce79c801ba1185fa147efc8'), 'auction_no': 'AU12889897', 'credit_insurance': 0, 'obligor_notification': 1, 'obligor_name': 'HQG, Limited', 'remaining_time': 'Auction closed', 'currency': 'USD', 'invoice_amount': 135400, 'no_of_days': 31, 'obligor_qupital_rating': 1, 'suggested_basis_point': 1100, 'seller_no': 'SL16030223', 'seller_qupital_rating': 'B', 'ss_average_late_day': 5, 'expected_payment_date': datetime.datetime(2019, 4, 11, 0, 0), 'buy_now_annualized_yield': 990, 'ss_successful_auction': 89, 'ss_remitted_auction': 89, 'ss_outstanding_auction': 0, 'ss_auction_total_invoice_amount_in_usd': 6789624.51, 'ss_auction_total_advance_amount_in_usd': 4173300, 'ss_auction_total_invoice_amount_in_hkd': 0, 'ss_auction_total_advance_amount_in_hkd': 0, 'sos_successful_auction': 88, 'sos_remitted_auction': 88, 'sos_outstanding_auction': 0, 'sos_auction_total_invoice_amount_in_usd': 6269624.51, 'sos_auction_total_advance_amount_in_usd': 3757300, 'sos_auction_total_invoice_amount_in_hkd': 0, 'sos_auction_total_advance_amount_in_hkd': 0, 'sos_average_late_day': 5, 'net_total_to_be_received': 136501, 'net_return': 9.89, 'advanced_date': datetime.datetime(2019, 3, 11, 0, 0), 'remitted_date': datetime.datetime(2019, 4, 10, 0, 0), 'late_day': 0, 'status': 'Remitted'}, {'_id': ObjectId('5ce79c8c1ba1185fa147efc9'), 'auction_no': 'AU12889917', 'credit_insurance': 1, 'obligor_notification': 1, 'obligor_name': 'Star Rich International Trading Limited', 'remaining_time': 'Auction closed', 'currency': 'USD', 'invoice_amount': 35700, 'no_of_days': 13, 'obligor_qupital_rating': 6, 'suggested_basis_point': 1350, 'seller_no': 'SL16030183', 'seller_qupital_rating': 'C', 'ss_average_late_day': 3, 'expected_payment_date': datetime.datetime(2019, 3, 25, 0, 0), 'buy_now_annualized_yield': 1500, 'ss_successful_auction': 60, 'ss_remitted_auction': 58, 'ss_outstanding_auction': 2, 'ss_auction_total_invoice_amount_in_usd': 6222031.6, 'ss_auction_total_advance_amount_in_usd': 4361600, 'ss_auction_total_invoice_amount_in_hkd': 2574100, 'ss_auction_total_advance_amount_in_hkd': 2059000, 'sos_successful_auction': 52, 'sos_remitted_auction': 50, 'sos_outstanding_auction': 2, 'sos_auction_total_invoice_amount_in_usd': 6129076.6, 'sos_auction_total_advance_amount_in_usd': 4287300, 'sos_auction_total_invoice_amount_in_hkd': 0, 'sos_auction_total_advance_amount_in_hkd': 0, 'sos_average_late_day': 0, 'net_total_to_be_received': 35871, 'net_return': 13.45, 'advanced_date': datetime.datetime(2019, 3, 12, 0, 0), 'remitted_date': datetime.datetime(2019, 3, 25, 0, 0), 'late_day': 0, 'status': 'Remitted'}, {'_id': ObjectId('5ce79c991ba1185fa147efca'), 'auction_no': 'AU12889933', 'credit_insurance': 1, 'obligor_notification': 1, 'obligor_name': 'SHANGHAI SUNG IL TEX CO. LTD', 'remaining_time': 'Auction closed', 'currency': 'USD', 'invoice_amount': 74400, 'no_of_days': 74, 'obligor_qupital_rating': 5, 'suggested_basis_point': 1300, 'seller_no': 'SL16030207', 'seller_qupital_rating': 'C', 'ss_average_late_day': 0, 'expected_payment_date': datetime.datetime(2019, 5, 31, 0, 0), 'buy_now_annualized_yield': 1170, 'ss_successful_auction': 8, 'ss_remitted_auction': 8, 'ss_outstanding_auction': 0, 'ss_auction_total_invoice_amount_in_usd': 468162.42, 'ss_auction_total_advance_amount_in_usd': 374200, 'ss_auction_total_invoice_amount_in_hkd': 0, 'ss_auction_total_advance_amount_in_hkd': 0, 'sos_successful_auction': 5, 'sos_remitted_auction': 5, 'sos_outstanding_auction': 0, 'sos_auction_total_invoice_amount_in_usd': 406520.57, 'sos_auction_total_advance_amount_in_usd': 325000, 'sos_auction_total_invoice_amount_in_hkd': 0, 'sos_auction_total_advance_amount_in_hkd': 0, 'sos_average_late_day': 0, 'net_total_to_be_received': 68847, 'net_return': 11.7, 'advanced_date': datetime.datetime(2019, 3, 18, 0, 0), 'remitted_date': datetime.datetime(2019, 5, 24, 0, 0), 'late_day': 0, 'status': 'Remitted'}, {'_id': ObjectId('5ce79ca51ba1185fa147efcb'), 'auction_no': 'AU12889947', 'credit_insurance': 0, 'obligor_notification': 1, 'obligor_name': '上海赫程國際旅行社有限公司', 'remaining_time': 'Auction closed', 'currency': 'USD', 'invoice_amount': 200000, 'no_of_days': 40, 'obligor_qupital_rating': 1, 'suggested_basis_point': 1150, 'seller_no': 'SL16030429', 'seller_qupital_rating': 'C', 'ss_average_late_day': 0, 'expected_payment_date': datetime.datetime(2019, 4, 28, 0, 0), 'buy_now_annualized_yield': 1080, 'ss_successful_auction': 4, 'ss_remitted_auction': 3, 'ss_outstanding_auction': 1, 'ss_auction_total_invoice_amount_in_usd': 2500000, 'ss_auction_total_advance_amount_in_usd': 1250000, 'ss_auction_total_invoice_amount_in_hkd': 0, 'ss_auction_total_advance_amount_in_hkd': 0, 'sos_successful_auction': 4, 'sos_remitted_auction': 3, 'sos_outstanding_auction': 1, 'sos_auction_total_invoice_amount_in_usd': 2500000, 'sos_auction_total_advance_amount_in_usd': 1250000, 'sos_auction_total_invoice_amount_in_hkd': 0, 'sos_auction_total_advance_amount_in_hkd': 0, 'sos_average_late_day': 0, 'net_total_to_be_received': 50044, 'net_return': 10.71, 'advanced_date': datetime.datetime(2019, 3, 19, 0, 0), 'remitted_date': datetime.datetime(2019, 3, 22, 0, 0), 'late_day': 0, 'status': 'Remitted'}]125.70.179.132 - - [25/May/2019 23:31:03] "GET / HTTP/1.1" 200 -

返回用户对象
[{'_id': ObjectId('5ce79c291ba1185fa147efc1'), 'auction_no': 'AU12889699', 'credit_insurance': 1, 'obligor_notification': 1, 'obligor_name': 'Como Diffusion Inc.', 'remaining_time': 'Auction closed', 'currency': 'USD', 'invoice_amount': 109500, 'no_of_days': 69, 'obligor_qupital_rating': 6, 'suggested_basis_point': 1200, 'seller_no': 'SL16030234', 'seller_qupital_rating': 'B', 'ss_average_late_day': 3, 'expected_payment_date': datetime.datetime(2019, 4, 22, 0, 0), 'buy_now_annualized_yield': 1080, 'ss_successful_auction': 14, 'ss_remitted_auction': 12, 'ss_outstanding_auction': 2, 'ss_auction_total_invoice_amount_in_usd': 1912602.44, 'ss_auction_total_advance_amount_in_usd': 1529400, 'ss_auction_total_invoice_amount_in_hkd': 0, 'ss_auction_total_advance_amount_in_hkd': 0, 'sos_successful_auction': 14, 'sos_remitted_auction': 12, 'sos_outstanding_auction': 2, 'sos_auction_total_invoice_amount_in_usd': 1912602.44, 'sos_auction_total_advance_amount_in_usd': 1529400, 'sos_auction_total_invoice_amount_in_hkd': 0, 'sos_auction_total_advance_amount_in_hkd': 0, 'sos_average_late_day': 3, 'net_total_to_be_received': 61378, 'net_return': 10.48, 'advanced_date': datetime.datetime(2019, 2, 12, 0, 0), 'remitted_date': datetime.datetime(2019, 5, 3, 0, 0), 'late_day': 11, 'status': 'Remitted'}, {'_id': ObjectId('5ce79c351ba1185fa147efc2'), 'auction_no': 'AU12889762', 'credit_insurance': 0, 'obligor_notification': 0, 'obligor_name': 'Amazon USA', 'remaining_time': 'Auction closed', 'currency': 'USD', 'invoice_amount': 148900, 'no_of_days': 29, 'obligor_qupital_rating': 1, 'suggested_basis_point': 1000, 'seller_no': 'SL16030328', 'seller_qupital_rating': 'C', 'ss_average_late_day': 3, 'expected_payment_date': datetime.datetime(2019, 3, 21, 0, 0), 'buy_now_annualized_yield': 1100, 'ss_successful_auction': 7, 'ss_remitted_auction': 7, 'ss_outstanding_auction': 0, 'ss_auction_total_invoice_amount_in_usd': 1723541.12, 'ss_auction_total_advance_amount_in_usd': 712400, 'ss_auction_total_invoice_amount_in_hkd': 0, 'ss_auction_total_advance_amount_in_hkd': 0, 'sos_successful_auction': 7, 'sos_remitted_auction': 7, 'sos_outstanding_auction': 0, 'sos_auction_total_invoice_amount_in_usd': 1723541.12, 'sos_auction_total_advance_amount_in_usd': 712400, 'sos_auction_total_invoice_amount_in_hkd': 0, 'sos_auction_total_advance_amount_in_hkd': 0, 'sos_average_late_day': 3, 'net_total_to_be_received': 150070, 'net_return': 9.89, 'advanced_date': datetime.datetime(2019, 2, 21, 0, 0), 'remitted_date': datetime.datetime(2019, 3, 22, 0, 0), 'late_day': 1, 'status': 'Remitted'}, {'_id': ObjectId('5ce79c421ba1185fa147efc3'), 'auction_no': 'AU12889761', 'credit_insurance': 0, 'obligor_notification': 0, 'obligor_name': 'Amazon USA', 'remaining_time': 'Auction closed', 'currency': 'USD', 'invoice_amount': 49700, 'no_of_days': 15, 'obligor_qupital_rating': 1, 'suggested_basis_point': 1000, 'seller_no': 'SL16030328', 'seller_qupital_rating': 'C', 'ss_average_late_day': 3, 'expected_payment_date': datetime.datetime(2019, 3, 7, 0, 0), 'buy_now_annualized_yield': 1100, 'ss_successful_auction': 7, 'ss_remitted_auction': 7, 'ss_outstanding_auction': 0, 'ss_auction_total_invoice_amount_in_usd': 1723541.12, 'ss_auction_total_advance_amount_in_usd': 712400, 'ss_auction_total_invoice_amount_in_hkd': 0, 'ss_auction_total_advance_amount_in_hkd': 0, 'sos_successful_auction': 7, 'sos_remitted_auction': 7, 'sos_outstanding_auction': 0, 'sos_auction_total_invoice_amount_in_usd': 1723541.12, 'sos_auction_total_advance_amount_in_usd': 712400, 'sos_auction_total_invoice_amount_in_hkd': 0, 'sos_auction_total_advance_amount_in_hkd': 0, 'sos_average_late_day': 3, 'net_total_to_be_received': 49888, 'net_return': 9.86, 'advanced_date': datetime.datetime(2019, 2, 21, 0, 0), 'remitted_date': datetime.datetime(2019, 3, 7, 0, 0), 'late_day': 0, 'status': 'Remitted'}, {'_id': ObjectId('5ce79c4e1ba1185fa147efc4'), 'auction_no': 'AU12889779', 'credit_insurance': 0, 'obligor_notification': 1, 'obligor_name': 'HQG, Limited', 'remaining_time': 'Auction closed', 'currency': 'USD', 'invoice_amount': 104500, 'no_of_days': 31, 'obligor_qupital_rating': 1, 'suggested_basis_point': 1100, 'seller_no': 'SL16030223', 'seller_qupital_rating': 'B', 'ss_average_late_day': 5, 'expected_payment_date': datetime.datetime(2019, 3, 29, 0, 0), 'buy_now_annualized_yield': 990, 'ss_successful_auction': 89, 'ss_remitted_auction': 89, 'ss_outstanding_auction': 0, 'ss_auction_total_invoice_amount_in_usd': 6789624.51, 'ss_auction_total_advance_amount_in_usd': 4173300, 'ss_auction_total_invoice_amount_in_hkd': 0, 'ss_auction_total_advance_amount_in_hkd': 0, 'sos_successful_auction': 88, 'sos_remitted_auction': 88, 'sos_outstanding_auction': 0, 'sos_auction_total_invoice_amount_in_usd': 6269624.51, 'sos_auction_total_advance_amount_in_usd': 3757300, 'sos_auction_total_invoice_amount_in_hkd': 0, 'sos_auction_total_advance_amount_in_hkd': 0, 'sos_average_late_day': 5, 'net_total_to_be_received': 105349, 'net_return': 9.88, 'advanced_date': datetime.datetime(2019, 2, 26, 0, 0), 'remitted_date': datetime.datetime(2019, 3, 28, 0, 0), 'late_day': 0, 'status': 'Remitted'}, {'_id': ObjectId('5ce79c5b1ba1185fa147efc5'), 'auction_no': 'AU12889821', 'credit_insurance': 1, 'obligor_notification': 1, 'obligor_name': 'Star Rich International Trading Limited', 'remaining_time': 'Auction closed', 'currency': 'USD', 'invoice_amount': 72600, 'no_of_days': 12, 'obligor_qupital_rating': 6, 'suggested_basis_point': 1350, 'seller_no': 'SL16030183', 'seller_qupital_rating': 'C', 'ss_average_late_day': 3, 'expected_payment_date': datetime.datetime(2019, 3, 11, 0, 0), 'buy_now_annualized_yield': 1500, 'ss_successful_auction': 60, 'ss_remitted_auction': 58, 'ss_outstanding_auction': 2, 'ss_auction_total_invoice_amount_in_usd': 6222031.6, 'ss_auction_total_advance_amount_in_usd': 4361600, 'ss_auction_total_invoice_amount_in_hkd': 2574100, 'ss_auction_total_advance_amount_in_hkd': 2059000, 'sos_successful_auction': 52, 'sos_remitted_auction': 50, 'sos_outstanding_auction': 2, 'sos_auction_total_invoice_amount_in_usd': 6129076.6, 'sos_auction_total_advance_amount_in_usd': 4287300, 'sos_auction_total_invoice_amount_in_hkd': 0, 'sos_auction_total_advance_amount_in_hkd': 0, 'sos_average_late_day': 0, 'net_total_to_be_received': 72922, 'net_return': 13.49, 'advanced_date': datetime.datetime(2019, 2, 27, 0, 0), 'remitted_date': datetime.datetime(2019, 3, 11, 0, 0), 'late_day': 0, 'status': 'Remitted'}, {'_id': ObjectId('5ce79c671ba1185fa147efc6'), 'auction_no': 'AU12889830', 'credit_insurance': 0, 'obligor_notification': 0, 'obligor_name': 'Amazon EU', 'remaining_time': 'Auction closed', 'currency': 'USD', 'invoice_amount': 61900, 'no_of_days': 28, 'obligor_qupital_rating': 1, 'suggested_basis_point': 1100, 'seller_no': 'SL16030408', 'seller_qupital_rating': 'C', 'ss_average_late_day': 0, 'expected_payment_date': datetime.datetime(2019, 3, 28, 0, 0), 'buy_now_annualized_yield': 1100, 'ss_successful_auction': 3, 'ss_remitted_auction': 3, 'ss_outstanding_auction': 0, 'ss_auction_total_invoice_amount_in_usd': 563979.75, 'ss_auction_total_advance_amount_in_usd': 197200, 'ss_auction_total_invoice_amount_in_hkd': 0, 'ss_auction_total_advance_amount_in_hkd': 0, 'sos_successful_auction': 3, 'sos_remitted_auction': 3, 'sos_outstanding_auction': 0, 'sos_auction_total_invoice_amount_in_usd': 563979.75, 'sos_auction_total_advance_amount_in_usd': 197200, 'sos_auction_total_invoice_amount_in_hkd': 0, 'sos_auction_total_advance_amount_in_hkd': 0, 'sos_average_late_day': 0, 'net_total_to_be_received': 32133, 'net_return': 9.87, 'advanced_date': datetime.datetime(2019, 2, 28, 0, 0), 'remitted_date': datetime.datetime(2019, 3, 27, 0, 0), 'late_day': 0, 'status': 'Remitted'}, {'_id': ObjectId('5ce79c731ba1185fa147efc7'), 'auction_no': 'AU12889834', 'credit_insurance': 1, 'obligor_notification': 1, 'obligor_name': 'Star Rich International Trading Limited', 'remaining_time': 'Auction closed', 'currency': 'USD', 'invoice_amount': 62400, 'no_of_days': 13, 'obligor_qupital_rating': 6, 'suggested_basis_point': 1350, 'seller_no': 'SL16030183', 'seller_qupital_rating': 'C', 'ss_average_late_day': 3, 'expected_payment_date': datetime.datetime(2019, 3, 18, 0, 0), 'buy_now_annualized_yield': 1500, 'ss_successful_auction': 60, 'ss_remitted_auction': 58, 'ss_outstanding_auction': 2, 'ss_auction_total_invoice_amount_in_usd': 6222031.6, 'ss_auction_total_advance_amount_in_usd': 4361600, 'ss_auction_total_invoice_amount_in_hkd': 2574100, 'ss_auction_total_advance_amount_in_hkd': 2059000, 'sos_successful_auction': 52, 'sos_remitted_auction': 50, 'sos_outstanding_auction': 2, 'sos_auction_total_invoice_amount_in_usd': 6129076.6, 'sos_auction_total_advance_amount_in_usd': 4287300, 'sos_auction_total_invoice_amount_in_hkd': 0, 'sos_auction_total_advance_amount_in_hkd': 0, 'sos_average_late_day': 0, 'net_total_to_be_received': 62699, 'net_return': 13.45, 'advanced_date': datetime.datetime(2019, 3, 5, 0, 0), 'remitted_date': datetime.datetime(2019, 3, 18, 0, 0), 'late_day': 0, 'status': 'Remitted'}, {'_id': ObjectId('5ce79c801ba1185fa147efc8'), 'auction_no': 'AU12889897', 'credit_insurance': 0, 'obligor_notification': 1, 'obligor_name': 'HQG, Limited', 'remaining_time': 'Auction closed', 'currency': 'USD', 'invoice_amount': 135400, 'no_of_days': 31, 'obligor_qupital_rating': 1, 'suggested_basis_point': 1100, 'seller_no': 'SL16030223', 'seller_qupital_rating': 'B', 'ss_average_late_day': 5, 'expected_payment_date': datetime.datetime(2019, 4, 11, 0, 0), 'buy_now_annualized_yield': 990, 'ss_successful_auction': 89, 'ss_remitted_auction': 89, 'ss_outstanding_auction': 0, 'ss_auction_total_invoice_amount_in_usd': 6789624.51, 'ss_auction_total_advance_amount_in_usd': 4173300, 'ss_auction_total_invoice_amount_in_hkd': 0, 'ss_auction_total_advance_amount_in_hkd': 0, 'sos_successful_auction': 88, 'sos_remitted_auction': 88, 'sos_outstanding_auction': 0, 'sos_auction_total_invoice_amount_in_usd': 6269624.51, 'sos_auction_total_advance_amount_in_usd': 3757300, 'sos_auction_total_invoice_amount_in_hkd': 0, 'sos_auction_total_advance_amount_in_hkd': 0, 'sos_average_late_day': 5, 'net_total_to_be_received': 136501, 'net_return': 9.89, 'advanced_date': datetime.datetime(2019, 3, 11, 0, 0), 'remitted_date': datetime.datetime(2019, 4, 10, 0, 0), 'late_day': 0, 'status': 'Remitted'}, {'_id': ObjectId('5ce79c8c1ba1185fa147efc9'), 'auction_no': 'AU12889917', 'credit_insurance': 1, 'obligor_notification': 1, 'obligor_name': 'Star Rich International Trading Limited', 'remaining_time': 'Auction closed', 'currency': 'USD', 'invoice_amount': 35700, 'no_of_days': 13, 'obligor_qupital_rating': 6, 'suggested_basis_point': 1350, 'seller_no': 'SL16030183', 'seller_qupital_rating': 'C', 'ss_average_late_day': 3, 'expected_payment_date': datetime.datetime(2019, 3, 25, 0, 0), 'buy_now_annualized_yield': 1500, 'ss_successful_auction': 60, 'ss_remitted_auction': 58, 'ss_outstanding_auction': 2, 'ss_auction_total_invoice_amount_in_usd': 6222031.6, 'ss_auction_total_advance_amount_in_usd': 4361600, 'ss_auction_total_invoice_amount_in_hkd': 2574100, 'ss_auction_total_advance_amount_in_hkd': 2059000, 'sos_successful_auction': 52, 'sos_remitted_auction': 50, 'sos_outstanding_auction': 2, 'sos_auction_total_invoice_amount_in_usd': 6129076.6, 'sos_auction_total_advance_amount_in_usd': 4287300, 'sos_auction_total_invoice_amount_in_hkd': 0, 'sos_auction_total_advance_amount_in_hkd': 0, 'sos_average_late_day': 0, 'net_total_to_be_received': 35871, 'net_return': 13.45, 'advanced_date': datetime.datetime(2019, 3, 12, 0, 0), 'remitted_date': datetime.datetime(2019, 3, 25, 0, 0), 'late_day': 0, 'status': 'Remitted'}, {'_id': ObjectId('5ce79c991ba1185fa147efca'), 'auction_no': 'AU12889933', 'credit_insurance': 1, 'obligor_notification': 1, 'obligor_name': 'SHANGHAI SUNG IL TEX CO. LTD', 'remaining_time': 'Auction closed', 'currency': 'USD', 'invoice_amount': 74400, 'no_of_days': 74, 'obligor_qupital_rating': 5, 'suggested_basis_point': 1300, 'seller_no': 'SL16030207', 'seller_qupital_rating': 'C', 'ss_average_late_day': 0, 'expected_payment_date': datetime.datetime(2019, 5, 31, 0, 0), 'buy_now_annualized_yield': 1170, 'ss_successful_auction': 8, 'ss_remitted_auction': 8, 'ss_outstanding_auction': 0, 'ss_auction_total_invoice_amount_in_usd': 468162.42, 'ss_auction_total_advance_amount_in_usd': 374200, 'ss_auction_total_invoice_amount_in_hkd': 0, 'ss_auction_total_advance_amount_in_hkd': 0, 'sos_successful_auction': 5, 'sos_remitted_auction': 5, 'sos_outstanding_auction': 0, 'sos_auction_total_invoice_amount_in_usd': 406520.57, 'sos_auction_total_advance_amount_in_usd': 325000, 'sos_auction_total_invoice_amount_in_hkd': 0, 'sos_auction_total_advance_amount_in_hkd': 0, 'sos_average_late_day': 0, 'net_total_to_be_received': 68847, 'net_return': 11.7, 'advanced_date': datetime.datetime(2019, 3, 18, 0, 0), 'remitted_date': datetime.datetime(2019, 5, 24, 0, 0), 'late_day': 0, 'status': 'Remitted'}, {'_id': ObjectId('5ce79ca51ba1185fa147efcb'), 'auction_no': 'AU12889947', 'credit_insurance': 0, 'obligor_notification': 1, 'obligor_name': '上海赫程國際旅行社有限公司', 'remaining_time': 'Auction closed', 'currency': 'USD', 'invoice_amount': 200000, 'no_of_days': 40, 'obligor_qupital_rating': 1, 'suggested_basis_point': 1150, 'seller_no': 'SL16030429', 'seller_qupital_rating': 'C', 'ss_average_late_day': 0, 'expected_payment_date': datetime.datetime(2019, 4, 28, 0, 0), 'buy_now_annualized_yield': 1080, 'ss_successful_auction': 4, 'ss_remitted_auction': 3, 'ss_outstanding_auction': 1, 'ss_auction_total_invoice_amount_in_usd': 2500000, 'ss_auction_total_advance_amount_in_usd': 1250000, 'ss_auction_total_invoice_amount_in_hkd': 0, 'ss_auction_total_advance_amount_in_hkd': 0, 'sos_successful_auction': 4, 'sos_remitted_auction': 3, 'sos_outstanding_auction': 1, 'sos_auction_total_invoice_amount_in_usd': 2500000, 'sos_auction_total_advance_amount_in_usd': 1250000, 'sos_auction_total_invoice_amount_in_hkd': 0, 'sos_auction_total_advance_amount_in_hkd': 0, 'sos_average_late_day': 0, 'net_total_to_be_received': 50044, 'net_return': 10.71, 'advanced_date': datetime.datetime(2019, 3, 19, 0, 0), 'remitted_date': datetime.datetime(2019, 3, 22, 0, 0), 'late_day': 0, 'status': 'Remitted'}]125.70.179.132 - - [25/May/2019 23:38:40] "GET / HTTP/1.1" 200 -
125.70.179.132 - - [25/May/2019 23:39:10] "GET / HTTP/1.1" 302 -
125.70.179.132 - - [25/May/2019 23:39:11] "GET /login/?next=%2F HTTP/1.1" 200 -
125.70.179.132 - - [25/May/2019 23:39:18] "GET / HTTP/1.1" 302 -
125.70.179.132 - - [25/May/2019 23:39:18] "GET /login/?next=%2F HTTP/1.1" 200 -
125.70.179.132 - - [25/May/2019 23:39:35] "POST /login/ HTTP/1.1" 302 -

用户名：None
密码：None
用户名：None
密码：None
用户名：ChainSmart
密码：123456
查找到的用户为：{'_id': ObjectId('5ce95f182bdc71606019397e'), 'email': 'wmltyq@qq.com', 'username': 'ChainSmart', 'password_hash': 'pbkdf2:sha256:150000$qAlyJKXz$e82ebe79334a78a3bb7e846cdfecf942dad7037f1ebcb98c7a77dfa7430f7227'}
登录成功
返回用户对象
[{'_id': ObjectId('5ce79c291ba1185fa147efc1'), 'auction_no': 'AU12889699', 'credit_insurance': 1, 'obligor_notification': 1, 'obligor_name': 'Como Diffusion Inc.', 'remaining_time': 'Auction closed', 'currency': 'USD', 'invoice_amount': 109500, 'no_of_days': 69, 'obligor_qupital_rating': 6, 'suggested_basis_point': 1200, 'seller_no': 'SL16030234', 'seller_qupital_rating': 'B', 'ss_average_late_day': 3, 'expected_payment_date': datetime.datetime(2019, 4, 22, 0, 0), 'buy_now_annualized_yield': 1080, 'ss_successful_auction': 14, 'ss_remitted_auction': 12, 'ss_outstanding_auction': 2, 'ss_auction_total_invoice_amount_in_usd': 1912602.44, 'ss_auction_total_advance_amount_in_usd': 1529400, 'ss_auction_total_invoice_amount_in_hkd': 0, 'ss_auction_total_advance_amount_in_hkd': 0, 'sos_successful_auction': 14, 'sos_remitted_auction': 12, 'sos_outstanding_auction': 2, 'sos_auction_total_invoice_amount_in_usd': 1912602.44, 'sos_auction_total_advance_amount_in_usd': 1529400, 'sos_auction_total_invoice_amount_in_hkd': 0, 'sos_auction_total_advance_amount_in_hkd': 0, 'sos_average_late_day': 3, 'net_total_to_be_received': 61378, 'net_return': 10.48, 'advanced_date': datetime.datetime(2019, 2, 12, 0, 0), 'remitted_date': datetime.datetime(2019, 5, 3, 0, 0), 'late_day': 11, 'status': 'Remitted'}, {'_id': ObjectId('5ce79c351ba1185fa147efc2'), 'auction_no': 'AU12889762', 'credit_insurance': 0, 'obligor_notification': 0, 'obligor_name': 'Amazon USA', 'remaining_time': 'Auction closed', 'currency': 'USD', 'invoice_amount': 148900, 'no_of_days': 29, 'obligor_qupital_rating': 1, 'suggested_basis_point': 1000, 'seller_no': 'SL16030328', 'seller_qupital_rating': 'C', 'ss_average_late_day': 3, 'expected_payment_date': datetime.datetime(2019, 3, 21, 0, 0), 'buy_now_annualized_yield': 1100, 'ss_successful_auction': 7, 'ss_remitted_auction': 7, 'ss_outstanding_auction': 0, 'ss_auction_total_invoice_amount_in_usd': 1723541.12, 'ss_auction_total_advance_amount_in_usd': 712400, 'ss_auction_total_invoice_amount_in_hkd': 0, 'ss_auction_total_advance_amount_in_hkd': 0, 'sos_successful_auction': 7, 'sos_remitted_auction': 7, 'sos_outstanding_auction': 0, 'sos_auction_total_invoice_amount_in_usd': 1723541.12, 'sos_auction_total_advance_amount_in_usd': 712400, 'sos_auction_total_invoice_amount_in_hkd': 0, 'sos_auction_total_advance_amount_in_hkd': 0, 'sos_average_late_day': 3, 'net_total_to_be_received': 150070, 'net_return': 9.89, 'advanced_date': datetime.datetime(2019, 2, 21, 0, 0), 'remitted_date': datetime.datetime(2019, 3, 22, 0, 0), 'late_day': 1, 'status': 'Remitted'}, {'_id': ObjectId('5ce79c421ba1185fa147efc3'), 'auction_no': 'AU12889761', 'credit_insurance': 0, 'obligor_notification': 0, 'obligor_name': 'Amazon USA', 'remaining_time': 'Auction closed', 'currency': 'USD', 'invoice_amount': 49700, 'no_of_days': 15, 'obligor_qupital_rating': 1, 'suggested_basis_point': 1000, 'seller_no': 'SL16030328', 'seller_qupital_rating': 'C', 'ss_average_late_day': 3, 'expected_payment_date': datetime.datetime(2019, 3, 7, 0, 0), 'buy_now_annualized_yield': 1100, 'ss_successful_auction': 7, 'ss_remitted_auction': 7, 'ss_outstanding_auction': 0, 'ss_auction_total_invoice_amount_in_usd': 1723541.12, 'ss_auction_total_advance_amount_in_usd': 712400, 'ss_auction_total_invoice_amount_in_hkd': 0, 'ss_auction_total_advance_amount_in_hkd': 0, 'sos_successful_auction': 7, 'sos_remitted_auction': 7, 'sos_outstanding_auction': 0, 'sos_auction_total_invoice_amount_in_usd': 1723541.12, 'sos_auction_total_advance_amount_in_usd': 712400, 'sos_auction_total_invoice_amount_in_hkd': 0, 'sos_auction_total_advance_amount_in_hkd': 0, 'sos_average_late_day': 3, 'net_total_to_be_received': 49888, 'net_return': 9.86, 'advanced_date': datetime.datetime(2019, 2, 21, 0, 0), 'remitted_date': datetime.datetime(2019, 3, 7, 0, 0), 'late_day': 0, 'status': 'Remitted'}, {'_id': ObjectId('5ce79c4e1ba1185fa147efc4'), 'auction_no': 'AU12889779', 'credit_insurance': 0, 'obligor_notification': 1, 'obligor_name': 'HQG, Limited', 'remaining_time': 'Auction closed', 'currency': 'USD', 'invoice_amount': 104500, 'no_of_days': 31, 'obligor_qupital_rating': 1, 'suggested_basis_point': 1100, 'seller_no': 'SL16030223', 'seller_qupital_rating': 'B', 'ss_average_late_day': 5, 'expected_payment_date': datetime.datetime(2019, 3, 29, 0, 0), 'buy_now_annualized_yield': 990, 'ss_successful_auction': 89, 'ss_remitted_auction': 89, 'ss_outstanding_auction': 0, 'ss_auction_total_invoice_amount_in_usd': 6789624.51, 'ss_auction_total_advance_amount_in_usd': 4173300, 'ss_auction_total_invoice_amount_in_hkd': 0, 'ss_auction_total_advance_amount_in_hkd': 0, 'sos_successful_auction': 88, 'sos_remitted_auction': 88, 'sos_outstanding_auction': 0, 'sos_auction_total_invoice_amount_in_usd': 6269624.51, 'sos_auction_total_advance_amount_in_usd': 3757300, 'sos_auction_total_invoice_amount_in_hkd': 0, 'sos_auction_total_advance_amount_in_hkd': 0, 'sos_average_late_day': 5, 'net_total_to_be_received': 105349, 'net_return': 9.88, 'advanced_date': datetime.datetime(2019, 2, 26, 0, 0), 'remitted_date': datetime.datetime(2019, 3, 28, 0, 0), 'late_day': 0, 'status': 'Remitted'}, {'_id': ObjectId('5ce79c5b1ba1185fa147efc5'), 'auction_no': 'AU12889821', 'credit_insurance': 1, 'obligor_notification': 1, 'obligor_name': 'Star Rich International Trading Limited', 'remaining_time': 'Auction closed', 'currency': 'USD', 'invoice_amount': 72600, 'no_of_days': 12, 'obligor_qupital_rating': 6, 'suggested_basis_point': 1350, 'seller_no': 'SL16030183', 'seller_qupital_rating': 'C', 'ss_average_late_day': 3, 'expected_payment_date': datetime.datetime(2019, 3, 11, 0, 0), 'buy_now_annualized_yield': 1500, 'ss_successful_auction': 60, 'ss_remitted_auction': 58, 'ss_outstanding_auction': 2, 'ss_auction_total_invoice_amount_in_usd': 6222031.6, 'ss_auction_total_advance_amount_in_usd': 4361600, 'ss_auction_total_invoice_amount_in_hkd': 2574100, 'ss_auction_total_advance_amount_in_hkd': 2059000, 'sos_successful_auction': 52, 'sos_remitted_auction': 50, 'sos_outstanding_auction': 2, 'sos_auction_total_invoice_amount_in_usd': 6129076.6, 'sos_auction_total_advance_amount_in_usd': 4287300, 'sos_auction_total_invoice_amount_in_hkd': 0, 'sos_auction_total_advance_amount_in_hkd': 0, 'sos_average_late_day': 0, 'net_total_to_be_received': 72922, 'net_return': 13.49, 'advanced_date': datetime.datetime(2019, 2, 27, 0, 0), 'remitted_date': datetime.datetime(2019, 3, 11, 0, 0), 'late_day': 0, 'status': 'Remitted'}, {'_id': ObjectId('5ce79c671ba1185fa147efc6'), 'auction_no': 'AU12889830', 'credit_insurance': 0, 'obligor_notification': 0, 'obligor_name': 'Amazon EU', 'remaining_time': 'Auction closed', 'currency': 'USD', 'invoice_amount': 61900, 'no_of_days': 28, 'obligor_qupital_rating': 1, 'suggested_basis_point': 1100, 'seller_no': 'SL16030408', 'seller_qupital_rating': 'C', 'ss_average_late_day': 0, 'expected_payment_date': datetime.datetime(2019, 3, 28, 0, 0), 'buy_now_annualized_yield': 1100, 'ss_successful_auction': 3, 'ss_remitted_auction': 3, 'ss_outstanding_auction': 0, 'ss_auction_total_invoice_amount_in_usd': 563979.75, 'ss_auction_total_advance_amount_in_usd': 197200, 'ss_auction_total_invoice_amount_in_hkd': 0, 'ss_auction_total_advance_amount_in_hkd': 0, 'sos_successful_auction': 3, 'sos_remitted_auction': 3, 'sos_outstanding_auction': 0, 'sos_auction_total_invoice_amount_in_usd': 563979.75, 'sos_auction_total_advance_amount_in_usd': 197200, 'sos_auction_total_invoice_amount_in_hkd': 0, 'sos_auction_total_advance_amount_in_hkd': 0, 'sos_average_late_day': 0, 'net_total_to_be_received': 32133, 'net_return': 9.87, 'advanced_date': datetime.datetime(2019, 2, 28, 0, 0), 'remitted_date': datetime.datetime(2019, 3, 27, 0, 0), 'late_day': 0, 'status': 'Remitted'}, {'_id': ObjectId('5ce79c731ba1185fa147efc7'), 'auction_no': 'AU12889834', 'credit_insurance': 1, 'obligor_notification': 1, 'obligor_name': 'Star Rich International Trading Limited', 'remaining_time': 'Auction closed', 'currency': 'USD', 'invoice_amount': 62400, 'no_of_days': 13, 'obligor_qupital_rating': 6, 'suggested_basis_point': 1350, 'seller_no': 'SL16030183', 'seller_qupital_rating': 'C', 'ss_average_late_day': 3, 'expected_payment_date': datetime.datetime(2019, 3, 18, 0, 0), 'buy_now_annualized_yield': 1500, 'ss_successful_auction': 60, 'ss_remitted_auction': 58, 'ss_outstanding_auction': 2, 'ss_auction_total_invoice_amount_in_usd': 6222031.6, 'ss_auction_total_advance_amount_in_usd': 4361600, 'ss_auction_total_invoice_amount_in_hkd': 2574100, 'ss_auction_total_advance_amount_in_hkd': 2059000, 'sos_successful_auction': 52, 'sos_remitted_auction': 50, 'sos_outstanding_auction': 2, 'sos_auction_total_invoice_amount_in_usd': 6129076.6, 'sos_auction_total_advance_amount_in_usd': 4287300, 'sos_auction_total_invoice_amount_in_hkd': 0, 'sos_auction_total_advance_amount_in_hkd': 0, 'sos_average_late_day': 0, 'net_total_to_be_received': 62699, 'net_return': 13.45, 'advanced_date': datetime.datetime(2019, 3, 5, 0, 0), 'remitted_date': datetime.datetime(2019, 3, 18, 0, 0), 'late_day': 0, 'status': 'Remitted'}, {'_id': ObjectId('5ce79c801ba1185fa147efc8'), 'auction_no': 'AU12889897', 'credit_insurance': 0, 'obligor_notification': 1, 'obligor_name': 'HQG, Limited', 'remaining_time': 'Auction closed', 'currency': 'USD', 'invoice_amount': 135400, 'no_of_days': 31, 'obligor_qupital_rating': 1, 'suggested_basis_point': 1100, 'seller_no': 'SL16030223', 'seller_qupital_rating': 'B', 'ss_average_late_day': 5, 'expected_payment_date': datetime.datetime(2019, 4, 11, 0, 0), 'buy_now_annualized_yield': 990, 'ss_successful_auction': 89, 'ss_remitted_auction': 89, 'ss_outstanding_auction': 0, 'ss_auction_total_invoice_amount_in_usd': 6789624.51, 'ss_auction_total_advance_amount_in_usd': 4173300, 'ss_auction_total_invoice_amount_in_hkd': 0, 'ss_auction_total_advance_amount_in_hkd': 0, 'sos_successful_auction': 88, 'sos_remitted_auction': 88, 'sos_outstanding_auction': 0, 'sos_auction_total_invoice_amount_in_usd': 6269624.51, 'sos_auction_total_advance_amount_in_usd': 3757300, 'sos_auction_total_invoice_amount_in_hkd': 0, 'sos_auction_total_advance_amount_in_hkd': 0, 'sos_average_late_day': 5, 'net_total_to_be_received': 136501, 'net_return': 9.89, 'advanced_date': datetime.datetime(2019, 3, 11, 0, 0), 'remitted_date': datetime.datetime(2019, 4, 10, 0, 0), 'late_day': 0, 'status': 'Remitted'}, {'_id': ObjectId('5ce79c8c1ba1185fa147efc9'), 'auction_no': 'AU12889917', 'credit_insurance': 1, 'obligor_notification': 1, 'obligor_name': 'Star Rich International Trading Limited', 'remaining_time': 'Auction closed', 'currency': 'USD', 'invoice_amount': 35700, 'no_of_days': 13, 'obligor_qupital_rating': 6, 'suggested_basis_point': 1350, 'seller_no': 'SL16030183', 'seller_qupital_rating': 'C', 'ss_average_late_day': 3, 'expected_payment_date': datetime.datetime(2019, 3, 25, 0, 0), 'buy_now_annualized_yield': 1500, 'ss_successful_auction': 60, 'ss_remitted_auction': 58, 'ss_outstanding_auction': 2, 'ss_auction_total_invoice_amount_in_usd': 6222031.6, 'ss_auction_total_advance_amount_in_usd': 4361600, 'ss_auction_total_invoice_amount_in_hkd': 2574100, 'ss_auction_total_advance_amount_in_hkd': 2059000, 'sos_successful_auction': 52, 'sos_remitted_auction': 50, 'sos_outstanding_auction': 2, 'sos_auction_total_invoice_amount_in_usd': 6129076.6, 'sos_auction_total_advance_amount_in_usd': 4287300, 'sos_auction_total_invoice_amount_in_hkd': 0, 'sos_auction_total_advance_amount_in_hkd': 0, 'sos_average_late_day': 0, 'net_total_to_be_received': 35871, 'net_return': 13.45, 'advanced_date': datetime.datetime(2019, 3, 12, 0, 0), 'remitted_date': datetime.datetime(2019, 3, 25, 0, 0), 'late_day': 0, 'status': 'Remitted'}, {'_id': ObjectId('5ce79c991ba1185fa147efca'), 'auction_no': 'AU12889933', 'credit_insurance': 1, 'obligor_notification': 1, 'obligor_name': 'SHANGHAI SUNG IL TEX CO. LTD', 'remaining_time': 'Auction closed', 'currency': 'USD', 'invoice_amount': 74400, 'no_of_days': 74, 'obligor_qupital_rating': 5, 'suggested_basis_point': 1300, 'seller_no': 'SL16030207', 'seller_qupital_rating': 'C', 'ss_average_late_day': 0, 'expected_payment_date': datetime.datetime(2019, 5, 31, 0, 0), 'buy_now_annualized_yield': 1170, 'ss_successful_auction': 8, 'ss_remitted_auction': 8, 'ss_outstanding_auction': 0, 'ss_auction_total_invoice_amount_in_usd': 468162.42, 'ss_auction_total_advance_amount_in_usd': 374200, 'ss_auction_total_invoice_amount_in_hkd': 0, 'ss_auction_total_advance_amount_in_hkd': 0, 'sos_successful_auction': 5, 'sos_remitted_auction': 5, 'sos_outstanding_auction': 0, 'sos_auction_total_invoice_amount_in_usd': 406520.57, 'sos_auction_total_advance_amount_in_usd': 325000, 'sos_auction_total_invoice_amount_in_hkd': 0, 'sos_auction_total_advance_amount_in_hkd': 0, 'sos_average_late_day': 0, 'net_total_to_be_received': 68847, 'net_return': 11.7, 'advanced_date': datetime.datetime(2019, 3, 18, 0, 0), 'remitted_date': datetime.datetime(2019, 5, 24, 0, 0), 'late_day': 0, 'status': 'Remitted'}, {'_id': ObjectId('5ce79ca51ba1185fa147efcb'), 'auction_no': 'AU12889947', 'credit_insurance': 0, 'obligor_notification': 1, 'obligor_name': '上海赫程國際旅行社有限公司', 'remaining_time': 'Auction closed', 'currency': 'USD', 'invoice_amount': 200000, 'no_of_days': 40, 'obligor_qupital_rating': 1, 'suggested_basis_point': 1150, 'seller_no': 'SL16030429', 'seller_qupital_rating': 'C', 'ss_average_late_day': 0, 'expected_payment_date': datetime.datetime(2019, 4, 28, 0, 0), 'buy_now_annualized_yield': 1080, 'ss_successful_auction': 4, 'ss_remitted_auction': 3, 'ss_outstanding_auction': 1, 'ss_auction_total_invoice_amount_in_usd': 2500000, 'ss_auction_total_advance_amount_in_usd': 1250000, 'ss_auction_total_invoice_amount_in_hkd': 0, 'ss_auction_total_advance_amount_in_hkd': 0, 'sos_successful_auction': 4, 'sos_remitted_auction': 3, 'sos_outstanding_auction': 1, 'sos_auction_total_invoice_amount_in_usd': 2500000, 'sos_auction_total_advance_amount_in_usd': 1250000, 'sos_auction_total_invoice_amount_in_hkd': 0, 'sos_auction_total_advance_amount_in_hkd': 0, 'sos_average_late_day': 0, 'net_total_to_be_received': 50044, 'net_return': 10.71, 'advanced_date': datetime.datetime(2019, 3, 19, 0, 0), 'remitted_date': datetime.datetime(2019, 3, 22, 0, 0), 'late_day': 0, 'status': 'Remitted'}]125.70.179.132 - - [25/May/2019 23:39:36] "GET / HTTP/1.1" 200 -
125.70.179.132 - - [25/May/2019 23:39:38] "GET /login/?next=%2F HTTP/1.1" 200 -

用户名：None
密码：None
返回用户对象
返回用户对象
[{'_id': ObjectId('5ce79c291ba1185fa147efc1'), 'auction_no': 'AU12889699', 'credit_insurance': 1, 'obligor_notification': 1, 'obligor_name': 'Como Diffusion Inc.', 'remaining_time': 'Auction closed', 'currency': 'USD', 'invoice_amount': 109500, 'no_of_days': 69, 'obligor_qupital_rating': 6, 'suggested_basis_point': 1200, 'seller_no': 'SL16030234', 'seller_qupital_rating': 'B', 'ss_average_late_day': 3, 'expected_payment_date': datetime.datetime(2019, 4, 22, 0, 0), 'buy_now_annualized_yield': 1080, 'ss_successful_auction': 14, 'ss_remitted_auction': 12, 'ss_outstanding_auction': 2, 'ss_auction_total_invoice_amount_in_usd': 1912602.44, 'ss_auction_total_advance_amount_in_usd': 1529400, 'ss_auction_total_invoice_amount_in_hkd': 0, 'ss_auction_total_advance_amount_in_hkd': 0, 'sos_successful_auction': 14, 'sos_remitted_auction': 12, 'sos_outstanding_auction': 2, 'sos_auction_total_invoice_amount_in_usd': 1912602.44, 'sos_auction_total_advance_amount_in_usd': 1529400, 'sos_auction_total_invoice_amount_in_hkd': 0, 'sos_auction_total_advance_amount_in_hkd': 0, 'sos_average_late_day': 3, 'net_total_to_be_received': 61378, 'net_return': 10.48, 'advanced_date': datetime.datetime(2019, 2, 12, 0, 0), 'remitted_date': datetime.datetime(2019, 5, 3, 0, 0), 'late_day': 11, 'status': 'Remitted'}, {'_id': ObjectId('5ce79c351ba1185fa147efc2'), 'auction_no': 'AU12889762', 'credit_insurance': 0, 'obligor_notification': 0, 'obligor_name': 'Amazon USA', 'remaining_time': 'Auction closed', 'currency': 'USD', 'invoice_amount': 148900, 'no_of_days': 29, 'obligor_qupital_rating': 1, 'suggested_basis_point': 1000, 'seller_no': 'SL16030328', 'seller_qupital_rating': 'C', 'ss_average_late_day': 3, 'expected_payment_date': datetime.datetime(2019, 3, 21, 0, 0), 'buy_now_annualized_yield': 1100, 'ss_successful_auction': 7, 'ss_remitted_auction': 7, 'ss_outstanding_auction': 0, 'ss_auction_total_invoice_amount_in_usd': 1723541.12, 'ss_auction_total_advance_amount_in_usd': 712400, 'ss_auction_total_invoice_amount_in_hkd': 0, 'ss_auction_total_advance_amount_in_hkd': 0, 'sos_successful_auction': 7, 'sos_remitted_auction': 7, 'sos_outstanding_auction': 0, 'sos_auction_total_invoice_amount_in_usd': 1723541.12, 'sos_auction_total_advance_amount_in_usd': 712400, 'sos_auction_total_invoice_amount_in_hkd': 0, 'sos_auction_total_advance_amount_in_hkd': 0, 'sos_average_late_day': 3, 'net_total_to_be_received': 150070, 'net_return': 9.89, 'advanced_date': datetime.datetime(2019, 2, 21, 0, 0), 'remitted_date': datetime.datetime(2019, 3, 22, 0, 0), 'late_day': 1, 'status': 'Remitted'}, {'_id': ObjectId('5ce79c421ba1185fa147efc3'), 'auction_no': 'AU12889761', 'credit_insurance': 0, 'obligor_notification': 0, 'obligor_name': 'Amazon USA', 'remaining_time': 'Auction closed', 'currency': 'USD', 'invoice_amount': 49700, 'no_of_days': 15, 'obligor_qupital_rating': 1, 'suggested_basis_point': 1000, 'seller_no': 'SL16030328', 'seller_qupital_rating': 'C', 'ss_average_late_day': 3, 'expected_payment_date': datetime.datetime(2019, 3, 7, 0, 0), 'buy_now_annualized_yield': 1100, 'ss_successful_auction': 7, 'ss_remitted_auction': 7, 'ss_outstanding_auction': 0, 'ss_auction_total_invoice_amount_in_usd': 1723541.12, 'ss_auction_total_advance_amount_in_usd': 712400, 'ss_auction_total_invoice_amount_in_hkd': 0, 'ss_auction_total_advance_amount_in_hkd': 0, 'sos_successful_auction': 7, 'sos_remitted_auction': 7, 'sos_outstanding_auction': 0, 'sos_auction_total_invoice_amount_in_usd': 1723541.12, 'sos_auction_total_advance_amount_in_usd': 712400, 'sos_auction_total_invoice_amount_in_hkd': 0, 'sos_auction_total_advance_amount_in_hkd': 0, 'sos_average_late_day': 3, 'net_total_to_be_received': 49888, 'net_return': 9.86, 'advanced_date': datetime.datetime(2019, 2, 21, 0, 0), 'remitted_date': datetime.datetime(2019, 3, 7, 0, 0), 'late_day': 0, 'status': 'Remitted'}, {'_id': ObjectId('5ce79c4e1ba1185fa147efc4'), 'auction_no': 'AU12889779', 'credit_insurance': 0, 'obligor_notification': 1, 'obligor_name': 'HQG, Limited', 'remaining_time': 'Auction closed', 'currency': 'USD', 'invoice_amount': 104500, 'no_of_days': 31, 'obligor_qupital_rating': 1, 'suggested_basis_point': 1100, 'seller_no': 'SL16030223', 'seller_qupital_rating': 'B', 'ss_average_late_day': 5, 'expected_payment_date': datetime.datetime(2019, 3, 29, 0, 0), 'buy_now_annualized_yield': 990, 'ss_successful_auction': 89, 'ss_remitted_auction': 89, 'ss_outstanding_auction': 0, 'ss_auction_total_invoice_amount_in_usd': 6789624.51, 'ss_auction_total_advance_amount_in_usd': 4173300, 'ss_auction_total_invoice_amount_in_hkd': 0, 'ss_auction_total_advance_amount_in_hkd': 0, 'sos_successful_auction': 88, 'sos_remitted_auction': 88, 'sos_outstanding_auction': 0, 'sos_auction_total_invoice_amount_in_usd': 6269624.51, 'sos_auction_total_advance_amount_in_usd': 3757300, 'sos_auction_total_invoice_amount_in_hkd': 0, 'sos_auction_total_advance_amount_in_hkd': 0, 'sos_average_late_day': 5, 'net_total_to_be_received': 105349, 'net_return': 9.88, 'advanced_date': datetime.datetime(2019, 2, 26, 0, 0), 'remitted_date': datetime.datetime(2019, 3, 28, 0, 0), 'late_day': 0, 'status': 'Remitted'}, {'_id': ObjectId('5ce79c5b1ba1185fa147efc5'), 'auction_no': 'AU12889821', 'credit_insurance': 1, 'obligor_notification': 1, 'obligor_name': 'Star Rich International Trading Limited', 'remaining_time': 'Auction closed', 'currency': 'USD', 'invoice_amount': 72600, 'no_of_days': 12, 'obligor_qupital_rating': 6, 'suggested_basis_point': 1350, 'seller_no': 'SL16030183', 'seller_qupital_rating': 'C', 'ss_average_late_day': 3, 'expected_payment_date': datetime.datetime(2019, 3, 11, 0, 0), 'buy_now_annualized_yield': 1500, 'ss_successful_auction': 60, 'ss_remitted_auction': 58, 'ss_outstanding_auction': 2, 'ss_auction_total_invoice_amount_in_usd': 6222031.6, 'ss_auction_total_advance_amount_in_usd': 4361600, 'ss_auction_total_invoice_amount_in_hkd': 2574100, 'ss_auction_total_advance_amount_in_hkd': 2059000, 'sos_successful_auction': 52, 'sos_remitted_auction': 50, 'sos_outstanding_auction': 2, 'sos_auction_total_invoice_amount_in_usd': 6129076.6, 'sos_auction_total_advance_amount_in_usd': 4287300, 'sos_auction_total_invoice_amount_in_hkd': 0, 'sos_auction_total_advance_amount_in_hkd': 0, 'sos_average_late_day': 0, 'net_total_to_be_received': 72922, 'net_return': 13.49, 'advanced_date': datetime.datetime(2019, 2, 27, 0, 0), 'remitted_date': datetime.datetime(2019, 3, 11, 0, 0), 'late_day': 0, 'status': 'Remitted'}, {'_id': ObjectId('5ce79c671ba1185fa147efc6'), 'auction_no': 'AU12889830', 'credit_insurance': 0, 'obligor_notification': 0, 'obligor_name': 'Amazon EU', 'remaining_time': 'Auction closed', 'currency': 'USD', 'invoice_amount': 61900, 'no_of_days': 28, 'obligor_qupital_rating': 1, 'suggested_basis_point': 1100, 'seller_no': 'SL16030408', 'seller_qupital_rating': 'C', 'ss_average_late_day': 0, 'expected_payment_date': datetime.datetime(2019, 3, 28, 0, 0), 'buy_now_annualized_yield': 1100, 'ss_successful_auction': 3, 'ss_remitted_auction': 3, 'ss_outstanding_auction': 0, 'ss_auction_total_invoice_amount_in_usd': 563979.75, 'ss_auction_total_advance_amount_in_usd': 197200, 'ss_auction_total_invoice_amount_in_hkd': 0, 'ss_auction_total_advance_amount_in_hkd': 0, 'sos_successful_auction': 3, 'sos_remitted_auction': 3, 'sos_outstanding_auction': 0, 'sos_auction_total_invoice_amount_in_usd': 563979.75, 'sos_auction_total_advance_amount_in_usd': 197200, 'sos_auction_total_invoice_amount_in_hkd': 0, 'sos_auction_total_advance_amount_in_hkd': 0, 'sos_average_late_day': 0, 'net_total_to_be_received': 32133, 'net_return': 9.87, 'advanced_date': datetime.datetime(2019, 2, 28, 0, 0), 'remitted_date': datetime.datetime(2019, 3, 27, 0, 0), 'late_day': 0, 'status': 'Remitted'}, {'_id': ObjectId('5ce79c731ba1185fa147efc7'), 'auction_no': 'AU12889834', 'credit_insurance': 1, 'obligor_notification': 1, 'obligor_name': 'Star Rich International Trading Limited', 'remaining_time': 'Auction closed', 'currency': 'USD', 'invoice_amount': 62400, 'no_of_days': 13, 'obligor_qupital_rating': 6, 'suggested_basis_point': 1350, 'seller_no': 'SL16030183', 'seller_qupital_rating': 'C', 'ss_average_late_day': 3, 'expected_payment_date': datetime.datetime(2019, 3, 18, 0, 0), 'buy_now_annualized_yield': 1500, 'ss_successful_auction': 60, 'ss_remitted_auction': 58, 'ss_outstanding_auction': 2, 'ss_auction_total_invoice_amount_in_usd': 6222031.6, 'ss_auction_total_advance_amount_in_usd': 4361600, 'ss_auction_total_invoice_amount_in_hkd': 2574100, 'ss_auction_total_advance_amount_in_hkd': 2059000, 'sos_successful_auction': 52, 'sos_remitted_auction': 50, 'sos_outstanding_auction': 2, 'sos_auction_total_invoice_amount_in_usd': 6129076.6, 'sos_auction_total_advance_amount_in_usd': 4287300, 'sos_auction_total_invoice_amount_in_hkd': 0, 'sos_auction_total_advance_amount_in_hkd': 0, 'sos_average_late_day': 0, 'net_total_to_be_received': 62699, 'net_return': 13.45, 'advanced_date': datetime.datetime(2019, 3, 5, 0, 0), 'remitted_date': datetime.datetime(2019, 3, 18, 0, 0), 'late_day': 0, 'status': 'Remitted'}, {'_id': ObjectId('5ce79c801ba1185fa147efc8'), 'auction_no': 'AU12889897', 'credit_insurance': 0, 'obligor_notification': 1, 'obligor_name': 'HQG, Limited', 'remaining_time': 'Auction closed', 'currency': 'USD', 'invoice_amount': 135400, 'no_of_days': 31, 'obligor_qupital_rating': 1, 'suggested_basis_point': 1100, 'seller_no': 'SL16030223', 'seller_qupital_rating': 'B', 'ss_average_late_day': 5, 'expected_payment_date': datetime.datetime(2019, 4, 11, 0, 0), 'buy_now_annualized_yield': 990, 'ss_successful_auction': 89, 'ss_remitted_auction': 89, 'ss_outstanding_auction': 0, 'ss_auction_total_invoice_amount_in_usd': 6789624.51, 'ss_auction_total_advance_amount_in_usd': 4173300, 'ss_auction_total_invoice_amount_in_hkd': 0, 'ss_auction_total_advance_amount_in_hkd': 0, 'sos_successful_auction': 88, 'sos_remitted_auction': 88, 'sos_outstanding_auction': 0, 'sos_auction_total_invoice_amount_in_usd': 6269624.51, 'sos_auction_total_advance_amount_in_usd': 3757300, 'sos_auction_total_invoice_amount_in_hkd': 0, 'sos_auction_total_advance_amount_in_hkd': 0, 'sos_average_late_day': 5, 'net_total_to_be_received': 136501, 'net_return': 9.89, 'advanced_date': datetime.datetime(2019, 3, 11, 0, 0), 'remitted_date': datetime.datetime(2019, 4, 10, 0, 0), 'late_day': 0, 'status': 'Remitted'}, {'_id': ObjectId('5ce79c8c1ba1185fa147efc9'), 'auction_no': 'AU12889917', 'credit_insurance': 1, 'obligor_notification': 1, 'obligor_name': 'Star Rich International Trading Limited', 'remaining_time': 'Auction closed', 'currency': 'USD', 'invoice_amount': 35700, 'no_of_days': 13, 'obligor_qupital_rating': 6, 'suggested_basis_point': 1350, 'seller_no': 'SL16030183', 'seller_qupital_rating': 'C', 'ss_average_late_day': 3, 'expected_payment_date': datetime.datetime(2019, 3, 25, 0, 0), 'buy_now_annualized_yield': 1500, 'ss_successful_auction': 60, 'ss_remitted_auction': 58, 'ss_outstanding_auction': 2, 'ss_auction_total_invoice_amount_in_usd': 6222031.6, 'ss_auction_total_advance_amount_in_usd': 4361600, 'ss_auction_total_invoice_amount_in_hkd': 2574100, 'ss_auction_total_advance_amount_in_hkd': 2059000, 'sos_successful_auction': 52, 'sos_remitted_auction': 50, 'sos_outstanding_auction': 2, 'sos_auction_total_invoice_amount_in_usd': 6129076.6, 'sos_auction_total_advance_amount_in_usd': 4287300, 'sos_auction_total_invoice_amount_in_hkd': 0, 'sos_auction_total_advance_amount_in_hkd': 0, 'sos_average_late_day': 0, 'net_total_to_be_received': 35871, 'net_return': 13.45, 'advanced_date': datetime.datetime(2019, 3, 12, 0, 0), 'remitted_date': datetime.datetime(2019, 3, 25, 0, 0), 'late_day': 0, 'status': 'Remitted'}, {'_id': ObjectId('5ce79c991ba1185fa147efca'), 'auction_no': 'AU12889933', 'credit_insurance': 1, 'obligor_notification': 1, 'obligor_name': 'SHANGHAI SUNG IL TEX CO. LTD', 'remaining_time': 'Auction closed', 'currency': 'USD', 'invoice_amount': 74400, 'no_of_days': 74, 'obligor_qupital_rating': 5, 'suggested_basis_point': 1300, 'seller_no': 'SL16030207', 'seller_qupital_rating': 'C', 'ss_average_late_day': 0, 'expected_payment_date': datetime.datetime(2019, 5, 31, 0, 0), 'buy_now_annualized_yield': 1170, 'ss_successful_auction': 8, 'ss_remitted_auction': 8, 'ss_outstanding_auction': 0, 'ss_auction_total_invoice_amount_in_usd': 468162.42, 'ss_auction_total_advance_amount_in_usd': 374200, 'ss_auction_total_invoice_amount_in_hkd': 0, 'ss_auction_total_advance_amount_in_hkd': 0, 'sos_successful_auction': 5, 'sos_remitted_auction': 5, 'sos_outstanding_auction': 0, 'sos_auction_total_invoice_amount_in_usd': 406520.57, 'sos_auction_total_advance_amount_in_usd': 325000, 'sos_auction_total_invoice_amount_in_hkd': 0, 'sos_auction_total_advance_amount_in_hkd': 0, 'sos_average_late_day': 0, 'net_total_to_be_received': 68847, 'net_return': 11.7, 'advanced_date': datetime.datetime(2019, 3, 18, 0, 0), 'remitted_date': datetime.datetime(2019, 5, 24, 0, 0), 'late_day': 0, 'status': 'Remitted'}, {'_id': ObjectId('5ce79ca51ba1185fa147efcb'), 'auction_no': 'AU12889947', 'credit_insurance': 0, 'obligor_notification': 1, 'obligor_name': '上海赫程國際旅行社有限公司', 'remaining_time': 'Auction closed', 'currency': 'USD', 'invoice_amount': 200000, 'no_of_days': 40, 'obligor_qupital_rating': 1, 'suggested_basis_point': 1150, 'seller_no': 'SL16030429', 'seller_qupital_rating': 'C', 'ss_average_late_day': 0, 'expected_payment_date': datetime.datetime(2019, 4, 28, 0, 0), 'buy_now_annualized_yield': 1080, 'ss_successful_auction': 4, 'ss_remitted_auction': 3, 'ss_outstanding_auction': 1, 'ss_auction_total_invoice_amount_in_usd': 2500000, 'ss_auction_total_advance_amount_in_usd': 1250000, 'ss_auction_total_invoice_amount_in_hkd': 0, 'ss_auction_total_advance_amount_in_hkd': 0, 'sos_successful_auction': 4, 'sos_remitted_auction': 3, 'sos_outstanding_auction': 1, 'sos_auction_total_invoice_amount_in_usd': 2500000, 'sos_auction_total_advance_amount_in_usd': 1250000, 'sos_auction_total_invoice_amount_in_hkd': 0, 'sos_auction_total_advance_amount_in_hkd': 0, 'sos_average_late_day': 0, 'net_total_to_be_received': 50044, 'net_return': 10.71, 'advanced_date': datetime.datetime(2019, 3, 19, 0, 0), 'remitted_date': datetime.datetime(2019, 3, 22, 0, 0), 'late_day': 0, 'status': 'Remitted'}]125.70.179.132 - - [25/May/2019 23:39:41] "GET / HTTP/1.1" 200 -
185.126.43.226 - - [26/May/2019 00:27:57] "GET / HTTP/1.1" 302 -
178.156.83.226 - - [26/May/2019 03:03:57] "GET / HTTP/1.1" 302 -
101.29.50.15 - - [26/May/2019 03:16:07] "POST /tmUnblock.cgi HTTP/1.1" 404 -
2.84.85.56 - - [26/May/2019 03:50:13] "GET / HTTP/1.1" 302 -
178.19.108.202 - - [26/May/2019 04:15:27] "POST / HTTP/1.1" 405 -
31.129.163.255 - - [26/May/2019 05:08:57] "GET /setup.cgi?next_file=netgear.cfg&todo=syscmd&cmd=echo%20chicken&curpath=/&currentsetting.htm=1 HTTP/1.1" 404 -
185.95.187.88 - - [26/May/2019 05:22:00] "GET / HTTP/1.1" 302 -
91.206.14.216 - - [26/May/2019 05:40:01] "GET / HTTP/1.1" 302 -
91.206.14.216 - - [26/May/2019 05:40:01] "GET /login/?next=%2F HTTP/1.1" 200 -
178.19.108.202 - - [26/May/2019 06:26:49] "POST / HTTP/1.1" 405 -
154.73.81.120 - - [26/May/2019 09:18:38] "GET / HTTP/1.1" 302 -
95.213.177.126 - - [26/May/2019 09:37:12] "POST http://check.proxyradar.com/azenv.php?auth=155883463205&a=PSCMN&i=804562685&p=8080 HTTP/1.1" 404 -
194.165.31.58 - - [26/May/2019 10:01:57] "GET / HTTP/1.1" 302 -
178.45.45.74 - - [26/May/2019 11:10:06] "GET / HTTP/1.1" 302 -
197.246.245.205 - - [26/May/2019 12:41:13] "GET / HTTP/1.1" 302 -
178.19.108.202 - - [26/May/2019 13:21:31] "POST / HTTP/1.1" 405 -
188.209.153.196 - - [26/May/2019 15:11:57] "GET / HTTP/1.1" 302 -
103.237.175.66 - - [26/May/2019 16:42:15] "GET / HTTP/1.1" 302 -
103.254.58.250 - - [26/May/2019 17:34:16] "GET / HTTP/1.1" 302 -
74.82.47.2 - - [26/May/2019 17:54:12] "GET / HTTP/1.1" 302 -
178.19.108.202 - - [26/May/2019 19:00:47] "POST / HTTP/1.1" 405 -
93.140.136.128 - - [26/May/2019 20:38:09] "GET / HTTP/1.1" 302 -
138.185.189.148 - - [26/May/2019 21:14:44] "GET / HTTP/1.1" 302 -
213.168.251.6 - - [26/May/2019 21:42:32] "GET / HTTP/1.0" 302 -
207.154.209.230 - - [26/May/2019 21:51:09] "GET / HTTP/1.1" 302 -
207.154.209.230 - - [26/May/2019 21:51:09] "GET /login/?next=%2F HTTP/1.1" 200 -
178.19.108.202 - - [27/May/2019 01:32:56] "POST / HTTP/1.1" 405 -
178.19.108.202 - - [27/May/2019 01:47:38] "POST / HTTP/1.1" 405 -
178.19.108.202 - - [27/May/2019 03:02:19] "POST / HTTP/1.1" 405 -
95.213.177.124 - - [27/May/2019 04:38:07] "POST http://check.proxyradar.com/azenv.php?auth=155890308795&a=PSCMN&i=804562685&p=8080 HTTP/1.1" 404 -
95.181.2.126 - - [27/May/2019 04:51:27] "GET / HTTP/1.1" 302 -
62.80.231.196 - - [27/May/2019 05:59:03] "GET / HTTP/1.1" 302 -
5.188.210.101 - - [27/May/2019 06:54:04] code 400, message Bad request syntax ('\x05\x01\x00')
5.188.210.101 - - [27/May/2019 06:54:04] " " HTTPStatus.BAD_REQUEST -
5.188.210.101 - - [27/May/2019 06:54:11] code 400, message Bad request syntax ('\x05\x01\x00')
5.188.210.101 - - [27/May/2019 06:54:11] " " HTTPStatus.BAD_REQUEST -
5.188.210.101 - - [27/May/2019 06:54:17] code 400, message Bad request syntax ('\x05\x01\x00')
5.188.210.101 - - [27/May/2019 06:54:17] " " HTTPStatus.BAD_REQUEST -
5.188.210.101 - - [27/May/2019 06:54:43] code 400, message Bad request syntax ('\x04\x01\x00P\x05¼Òe\x00')
5.188.210.101 - - [27/May/2019 06:54:43] " P¼Òe " HTTPStatus.BAD_REQUEST -
5.188.210.101 - - [27/May/2019 06:54:49] code 400, message Bad request syntax ('\x04\x01\x00P\x05¼Òe\x00')
5.188.210.101 - - [27/May/2019 06:54:49] " P¼Òe " HTTPStatus.BAD_REQUEST -
5.188.210.101 - - [27/May/2019 06:54:56] code 400, message Bad request syntax ('\x04\x01\x00P\x05¼Òe\x00')
5.188.210.101 - - [27/May/2019 06:54:56] " P¼Òe " HTTPStatus.BAD_REQUEST -
5.188.210.101 - - [27/May/2019 06:56:13] "GET http://5.188.210.101/echo.php HTTP/1.1" 404 -
176.50.149.73 - - [27/May/2019 06:59:58] "GET / HTTP/1.1" 302 -
139.162.79.87 - - [27/May/2019 08:07:14] "GET / HTTP/1.1" 302 -
58.136.65.99 - - [27/May/2019 08:51:07] "GET / HTTP/1.1" 302 -
60.170.166.157 - - [27/May/2019 09:51:00] "POST /tmUnblock.cgi HTTP/1.1" 404 -
60.191.52.254 - - [27/May/2019 09:54:22] "HEAD http://112.124.42.80:63435/ HTTP/1.1" 302 -
60.191.52.254 - - [27/May/2019 09:54:22] "GET http://112.124.42.80:63435/login/?next=%2F HTTP/1.1" 200 -
